{"/Users/patrickalexandre/Desktop/Hack Reactor Main Course/FEC/FEC/client/src/components/AppContext.jsx": {"path":"/Users/patrickalexandre/Desktop/Hack Reactor Main Course/FEC/FEC/client/src/components/AppContext.jsx","statementMap":{"0":{"start":{"line":3,"column":19},"end":{"line":3,"column":34}}},"fnMap":{},"branchMap":{},"s":{"0":4},"f":{},"b":{},"_coverageSchema":"1a1c01bbd47fc00a2c39e90264f33305004495a9","hash":"70d8f9c52be533bd085282c0cff66eff62cf7cd6"}
,"/Users/patrickalexandre/Desktop/Hack Reactor Main Course/FEC/FEC/client/src/components/related_products/Lists/ProductList.jsx": {"path":"/Users/patrickalexandre/Desktop/Hack Reactor Main Course/FEC/FEC/client/src/components/related_products/Lists/ProductList.jsx","statementMap":{"0":{"start":{"line":9,"column":20},"end":{"line":9,"column":23}},"1":{"start":{"line":10,"column":17},"end":{"line":10,"column":29}},"2":{"start":{"line":11,"column":40},"end":{"line":11,"column":51}},"3":{"start":{"line":12,"column":34},"end":{"line":12,"column":45}},"4":{"start":{"line":14,"column":27},"end":{"line":20,"column":3}},"5":{"start":{"line":15,"column":4},"end":{"line":19,"column":5}},"6":{"start":{"line":16,"column":6},"end":{"line":16,"column":63}},"7":{"start":{"line":18,"column":6},"end":{"line":18,"column":63}},"8":{"start":{"line":22,"column":2},"end":{"line":28,"column":24}},"9":{"start":{"line":23,"column":4},"end":{"line":27,"column":5}},"10":{"start":{"line":24,"column":6},"end":{"line":24,"column":59}},"11":{"start":{"line":26,"column":6},"end":{"line":26,"column":23}},"12":{"start":{"line":30,"column":2},"end":{"line":41,"column":4}},"13":{"start":{"line":33,"column":55},"end":{"line":33,"column":80}},"14":{"start":{"line":36,"column":37},"end":{"line":36,"column":95}},"15":{"start":{"line":39,"column":63},"end":{"line":39,"column":89}},"16":{"start":{"line":46,"column":0},"end":{"line":66,"column":2}}},"fnMap":{"0":{"name":"ProductList","decl":{"start":{"line":8,"column":9},"end":{"line":8,"column":20}},"loc":{"start":{"line":8,"column":35},"end":{"line":42,"column":1}},"line":8},"1":{"name":"(anonymous_1)","decl":{"start":{"line":14,"column":27},"end":{"line":14,"column":28}},"loc":{"start":{"line":14,"column":42},"end":{"line":20,"column":3}},"line":14},"2":{"name":"(anonymous_2)","decl":{"start":{"line":22,"column":12},"end":{"line":22,"column":13}},"loc":{"start":{"line":22,"column":18},"end":{"line":28,"column":3}},"line":22},"3":{"name":"(anonymous_3)","decl":{"start":{"line":33,"column":47},"end":{"line":33,"column":48}},"loc":{"start":{"line":33,"column":53},"end":{"line":33,"column":82}},"line":33},"4":{"name":"(anonymous_4)","decl":{"start":{"line":36,"column":24},"end":{"line":36,"column":25}},"loc":{"start":{"line":36,"column":37},"end":{"line":36,"column":95}},"line":36},"5":{"name":"(anonymous_5)","decl":{"start":{"line":39,"column":55},"end":{"line":39,"column":56}},"loc":{"start":{"line":39,"column":61},"end":{"line":39,"column":91}},"line":39}},"branchMap":{"0":{"loc":{"start":{"line":15,"column":4},"end":{"line":19,"column":5}},"type":"if","locations":[{"start":{"line":15,"column":4},"end":{"line":19,"column":5}},{"start":{"line":17,"column":11},"end":{"line":19,"column":5}}],"line":15},"1":{"loc":{"start":{"line":23,"column":4},"end":{"line":27,"column":5}},"type":"if","locations":[{"start":{"line":23,"column":4},"end":{"line":27,"column":5}},{"start":{"line":25,"column":11},"end":{"line":27,"column":5}}],"line":23},"2":{"loc":{"start":{"line":33,"column":7},"end":{"line":33,"column":105}},"type":"binary-expr","locations":[{"start":{"line":33,"column":7},"end":{"line":33,"column":22}},{"start":{"line":33,"column":26},"end":{"line":33,"column":105}}],"line":33},"3":{"loc":{"start":{"line":39,"column":7},"end":{"line":39,"column":115}},"type":"binary-expr","locations":[{"start":{"line":39,"column":7},"end":{"line":39,"column":29}},{"start":{"line":39,"column":33},"end":{"line":39,"column":115}}],"line":39}},"s":{"0":1,"1":1,"2":1,"3":1,"4":1,"5":0,"6":0,"7":0,"8":1,"9":1,"10":0,"11":1,"12":1,"13":0,"14":4,"15":0,"16":1},"f":{"0":1,"1":0,"2":1,"3":0,"4":4,"5":0},"b":{"0":[0,0],"1":[0,1],"2":[1,0],"3":[1,0]},"_coverageSchema":"1a1c01bbd47fc00a2c39e90264f33305004495a9","hash":"4bdfb5b336001bda3e4df7b875e1bab47c76c311"}
,"/Users/patrickalexandre/Desktop/Hack Reactor Main Course/FEC/FEC/client/src/components/related_products/Lists/styles.jsx": {"path":"/Users/patrickalexandre/Desktop/Hack Reactor Main Course/FEC/FEC/client/src/components/related_products/Lists/styles.jsx","statementMap":{"0":{"start":{"line":3,"column":27},"end":{"line":11,"column":1}},"1":{"start":{"line":13,"column":28},"end":{"line":18,"column":1}},"2":{"start":{"line":20,"column":29},"end":{"line":26,"column":1}},"3":{"start":{"line":28,"column":27},"end":{"line":35,"column":2}},"4":{"start":{"line":37,"column":26},"end":{"line":44,"column":2}},"5":{"start":{"line":46,"column":25},"end":{"line":49,"column":2}}},"fnMap":{},"branchMap":{},"s":{"0":1,"1":1,"2":1,"3":1,"4":1,"5":1},"f":{},"b":{},"_coverageSchema":"1a1c01bbd47fc00a2c39e90264f33305004495a9","hash":"772f07d634eb9bb9e355ed9cad25d29979cf21f2"}
,"/Users/patrickalexandre/Desktop/Hack Reactor Main Course/FEC/FEC/client/src/components/related_products/ProductCard/Card.jsx": {"path":"/Users/patrickalexandre/Desktop/Hack Reactor Main Course/FEC/FEC/client/src/components/related_products/ProductCard/Card.jsx","statementMap":{"0":{"start":{"line":13,"column":42},"end":{"line":13,"column":54}},"1":{"start":{"line":14,"column":34},"end":{"line":14,"column":46}},"2":{"start":{"line":15,"column":46},"end":{"line":15,"column":57}},"3":{"start":{"line":16,"column":38},"end":{"line":16,"column":60}},"4":{"start":{"line":17,"column":36},"end":{"line":17,"column":51}},"5":{"start":{"line":19,"column":28},"end":{"line":21,"column":3}},"6":{"start":{"line":20,"column":4},"end":{"line":20,"column":23}},"7":{"start":{"line":23,"column":2},"end":{"line":38,"column":9}},"8":{"start":{"line":24,"column":19},"end":{"line":28,"column":5}},"9":{"start":{"line":29,"column":4},"end":{"line":37,"column":9}},"10":{"start":{"line":31,"column":23},"end":{"line":31,"column":90}},"11":{"start":{"line":31,"column":63},"end":{"line":31,"column":89}},"12":{"start":{"line":32,"column":8},"end":{"line":32,"column":35}},"13":{"start":{"line":33,"column":8},"end":{"line":33,"column":70}},"14":{"start":{"line":36,"column":8},"end":{"line":36,"column":45}},"15":{"start":{"line":40,"column":2},"end":{"line":66,"column":4}},"16":{"start":{"line":43,"column":60},"end":{"line":43,"column":78}},"17":{"start":{"line":48,"column":25},"end":{"line":48,"column":44}},"18":{"start":{"line":53,"column":39},"end":{"line":53,"column":63}}},"fnMap":{"0":{"name":"Card","decl":{"start":{"line":12,"column":9},"end":{"line":12,"column":13}},"loc":{"start":{"line":12,"column":39},"end":{"line":67,"column":1}},"line":12},"1":{"name":"(anonymous_1)","decl":{"start":{"line":19,"column":28},"end":{"line":19,"column":29}},"loc":{"start":{"line":19,"column":34},"end":{"line":21,"column":3}},"line":19},"2":{"name":"(anonymous_2)","decl":{"start":{"line":23,"column":12},"end":{"line":23,"column":13}},"loc":{"start":{"line":23,"column":18},"end":{"line":38,"column":3}},"line":23},"3":{"name":"(anonymous_3)","decl":{"start":{"line":30,"column":12},"end":{"line":30,"column":13}},"loc":{"start":{"line":30,"column":26},"end":{"line":34,"column":7}},"line":30},"4":{"name":"(anonymous_4)","decl":{"start":{"line":31,"column":52},"end":{"line":31,"column":53}},"loc":{"start":{"line":31,"column":63},"end":{"line":31,"column":89}},"line":31},"5":{"name":"(anonymous_5)","decl":{"start":{"line":35,"column":13},"end":{"line":35,"column":14}},"loc":{"start":{"line":35,"column":19},"end":{"line":37,"column":7}},"line":35},"6":{"name":"(anonymous_6)","decl":{"start":{"line":43,"column":54},"end":{"line":43,"column":55}},"loc":{"start":{"line":43,"column":60},"end":{"line":43,"column":78}},"line":43},"7":{"name":"(anonymous_7)","decl":{"start":{"line":48,"column":19},"end":{"line":48,"column":20}},"loc":{"start":{"line":48,"column":25},"end":{"line":48,"column":44}},"line":48},"8":{"name":"(anonymous_8)","decl":{"start":{"line":53,"column":33},"end":{"line":53,"column":34}},"loc":{"start":{"line":53,"column":39},"end":{"line":53,"column":63}},"line":53}},"branchMap":{"0":{"loc":{"start":{"line":43,"column":9},"end":{"line":43,"column":102}},"type":"binary-expr","locations":[{"start":{"line":43,"column":9},"end":{"line":43,"column":27}},{"start":{"line":43,"column":31},"end":{"line":43,"column":102}}],"line":43},"1":{"loc":{"start":{"line":44,"column":9},"end":{"line":44,"column":106}},"type":"binary-expr","locations":[{"start":{"line":44,"column":9},"end":{"line":44,"column":26}},{"start":{"line":44,"column":30},"end":{"line":44,"column":106}}],"line":44},"2":{"loc":{"start":{"line":45,"column":9},"end":{"line":49,"column":26}},"type":"binary-expr","locations":[{"start":{"line":45,"column":9},"end":{"line":45,"column":18}},{"start":{"line":45,"column":22},"end":{"line":49,"column":26}}],"line":45},"3":{"loc":{"start":{"line":56,"column":9},"end":{"line":62,"column":65}},"type":"cond-expr","locations":[{"start":{"line":57,"column":10},"end":{"line":60,"column":25}},{"start":{"line":62,"column":12},"end":{"line":62,"column":65}}],"line":56}},"s":{"0":10,"1":10,"2":10,"3":10,"4":10,"5":10,"6":0,"7":10,"8":5,"9":5,"10":5,"11":20,"12":5,"13":5,"14":0,"15":10,"16":0,"17":0,"18":1},"f":{"0":10,"1":0,"2":5,"3":5,"4":20,"5":0,"6":0,"7":0,"8":1},"b":{"0":[10,10],"1":[10,0],"2":[10,0],"3":[10,0]},"_coverageSchema":"1a1c01bbd47fc00a2c39e90264f33305004495a9","hash":"a3ff9e7da55751d576ad9aa209e6048f1cdc119a"}
,"/Users/patrickalexandre/Desktop/Hack Reactor Main Course/FEC/FEC/client/src/components/related_products/ProductCard/Comparison.jsx": {"path":"/Users/patrickalexandre/Desktop/Hack Reactor Main Course/FEC/FEC/client/src/components/related_products/ProductCard/Comparison.jsx","statementMap":{"0":{"start":{"line":9,"column":16},"end":{"line":9,"column":41}},"1":{"start":{"line":12,"column":47},"end":{"line":12,"column":69}},"2":{"start":{"line":13,"column":62},"end":{"line":13,"column":95}},"3":{"start":{"line":14,"column":64},"end":{"line":14,"column":82}},"4":{"start":{"line":16,"column":27},"end":{"line":19,"column":3}},"5":{"start":{"line":20,"column":15},"end":{"line":20,"column":61}},"6":{"start":{"line":20,"column":53},"end":{"line":20,"column":60}},"7":{"start":{"line":21,"column":27},"end":{"line":22,"column":71}},"8":{"start":{"line":22,"column":36},"end":{"line":22,"column":70}},"9":{"start":{"line":24,"column":18},"end":{"line":38,"column":3}},"10":{"start":{"line":25,"column":4},"end":{"line":37,"column":5}},"11":{"start":{"line":26,"column":6},"end":{"line":30,"column":7}},"12":{"start":{"line":26,"column":19},"end":{"line":26,"column":20}},"13":{"start":{"line":27,"column":8},"end":{"line":29,"column":9}},"14":{"start":{"line":28,"column":10},"end":{"line":28,"column":39}},"15":{"start":{"line":31,"column":11},"end":{"line":37,"column":5}},"16":{"start":{"line":32,"column":6},"end":{"line":36,"column":7}},"17":{"start":{"line":32,"column":19},"end":{"line":32,"column":20}},"18":{"start":{"line":33,"column":8},"end":{"line":35,"column":9}},"19":{"start":{"line":34,"column":10},"end":{"line":34,"column":39}},"20":{"start":{"line":40,"column":2},"end":{"line":64,"column":4}},"21":{"start":{"line":55,"column":12},"end":{"line":59,"column":25}}},"fnMap":{"0":{"name":"Comparison","decl":{"start":{"line":11,"column":9},"end":{"line":11,"column":19}},"loc":{"start":{"line":11,"column":49},"end":{"line":65,"column":1}},"line":11},"1":{"name":"(anonymous_1)","decl":{"start":{"line":20,"column":36},"end":{"line":20,"column":37}},"loc":{"start":{"line":20,"column":53},"end":{"line":20,"column":60}},"line":20},"2":{"name":"(anonymous_2)","decl":{"start":{"line":22,"column":12},"end":{"line":22,"column":13}},"loc":{"start":{"line":22,"column":36},"end":{"line":22,"column":70}},"line":22},"3":{"name":"(anonymous_3)","decl":{"start":{"line":24,"column":18},"end":{"line":24,"column":19}},"loc":{"start":{"line":24,"column":38},"end":{"line":38,"column":3}},"line":24},"4":{"name":"(anonymous_4)","decl":{"start":{"line":54,"column":32},"end":{"line":54,"column":33}},"loc":{"start":{"line":55,"column":12},"end":{"line":59,"column":25}},"line":55}},"branchMap":{"0":{"loc":{"start":{"line":25,"column":4},"end":{"line":37,"column":5}},"type":"if","locations":[{"start":{"line":25,"column":4},"end":{"line":37,"column":5}},{"start":{"line":31,"column":11},"end":{"line":37,"column":5}}],"line":25},"1":{"loc":{"start":{"line":27,"column":8},"end":{"line":29,"column":9}},"type":"if","locations":[{"start":{"line":27,"column":8},"end":{"line":29,"column":9}},{"start":{},"end":{}}],"line":27},"2":{"loc":{"start":{"line":31,"column":11},"end":{"line":37,"column":5}},"type":"if","locations":[{"start":{"line":31,"column":11},"end":{"line":37,"column":5}},{"start":{},"end":{}}],"line":31},"3":{"loc":{"start":{"line":33,"column":8},"end":{"line":35,"column":9}},"type":"if","locations":[{"start":{"line":33,"column":8},"end":{"line":35,"column":9}},{"start":{},"end":{}}],"line":33},"4":{"loc":{"start":{"line":57,"column":15},"end":{"line":57,"column":157}},"type":"cond-expr","locations":[{"start":{"line":57,"column":28},"end":{"line":57,"column":90}},{"start":{"line":57,"column":93},"end":{"line":57,"column":157}}],"line":57}},"s":{"0":1,"1":1,"2":1,"3":1,"4":1,"5":1,"6":4,"7":1,"8":4,"9":1,"10":6,"11":3,"12":3,"13":6,"14":1,"15":3,"16":3,"17":3,"18":5,"19":2,"20":1,"21":3},"f":{"0":1,"1":4,"2":4,"3":6,"4":3},"b":{"0":[3,3],"1":[1,5],"2":[3,0],"3":[2,3],"4":[3,0]},"_coverageSchema":"1a1c01bbd47fc00a2c39e90264f33305004495a9","hash":"9335e70aa62e354823086e27c8ca6afab0a35776"}
,"/Users/patrickalexandre/Desktop/Hack Reactor Main Course/FEC/FEC/client/src/components/related_products/ProductCard/styles.jsx": {"path":"/Users/patrickalexandre/Desktop/Hack Reactor Main Course/FEC/FEC/client/src/components/related_products/ProductCard/styles.jsx","statementMap":{"0":{"start":{"line":3,"column":27},"end":{"line":14,"column":1}},"1":{"start":{"line":16,"column":32},"end":{"line":21,"column":1}},"2":{"start":{"line":23,"column":27},"end":{"line":27,"column":1}},"3":{"start":{"line":29,"column":31},"end":{"line":32,"column":1}},"4":{"start":{"line":34,"column":28},"end":{"line":37,"column":1}},"5":{"start":{"line":39,"column":30},"end":{"line":44,"column":1}},"6":{"start":{"line":46,"column":28},"end":{"line":51,"column":1}},"7":{"start":{"line":53,"column":28},"end":{"line":63,"column":1}},"8":{"start":{"line":65,"column":28},"end":{"line":72,"column":1}},"9":{"start":{"line":74,"column":28},"end":{"line":81,"column":1}},"10":{"start":{"line":83,"column":25},"end":{"line":84,"column":1}},"11":{"start":{"line":86,"column":29},"end":{"line":97,"column":1}},"12":{"start":{"line":99,"column":26},"end":{"line":100,"column":1}},"13":{"start":{"line":102,"column":26},"end":{"line":116,"column":1}},"14":{"start":{"line":118,"column":34},"end":{"line":123,"column":1}},"15":{"start":{"line":125,"column":30},"end":{"line":129,"column":1}},"16":{"start":{"line":131,"column":28},"end":{"line":142,"column":1}}},"fnMap":{},"branchMap":{},"s":{"0":1,"1":1,"2":1,"3":1,"4":1,"5":1,"6":1,"7":1,"8":1,"9":1,"10":1,"11":1,"12":1,"13":1,"14":1,"15":1,"16":1},"f":{},"b":{},"_coverageSchema":"1a1c01bbd47fc00a2c39e90264f33305004495a9","hash":"f1bbfb52dc8370fb98c5601c3ea03ecae1b3458c"}
,"/Users/patrickalexandre/Desktop/Hack Reactor Main Course/FEC/FEC/client/src/components/reviews/Dropdown.jsx": {"path":"/Users/patrickalexandre/Desktop/Hack Reactor Main Course/FEC/FEC/client/src/components/reviews/Dropdown.jsx","statementMap":{"0":{"start":{"line":4,"column":2},"end":{"line":10,"column":4}},"1":{"start":{"line":5,"column":29},"end":{"line":5,"column":53}}},"fnMap":{"0":{"name":"Dropdown","decl":{"start":{"line":3,"column":9},"end":{"line":3,"column":17}},"loc":{"start":{"line":3,"column":32},"end":{"line":11,"column":1}},"line":3},"1":{"name":"(anonymous_1)","decl":{"start":{"line":5,"column":22},"end":{"line":5,"column":23}},"loc":{"start":{"line":5,"column":29},"end":{"line":5,"column":53}},"line":5}},"branchMap":{},"s":{"0":3,"1":2},"f":{"0":3,"1":2},"b":{},"_coverageSchema":"1a1c01bbd47fc00a2c39e90264f33305004495a9","hash":"959a848b0886bd16047cc15ac223d27aa5f27acb"}
,"/Users/patrickalexandre/Desktop/Hack Reactor Main Course/FEC/FEC/client/src/components/reviews/Loading.jsx": {"path":"/Users/patrickalexandre/Desktop/Hack Reactor Main Course/FEC/FEC/client/src/components/reviews/Loading.jsx","statementMap":{"0":{"start":{"line":4,"column":23},"end":{"line":11,"column":1}},"1":{"start":{"line":14,"column":2},"end":{"line":14,"column":53}}},"fnMap":{"0":{"name":"Loading","decl":{"start":{"line":13,"column":9},"end":{"line":13,"column":16}},"loc":{"start":{"line":13,"column":19},"end":{"line":15,"column":1}},"line":13}},"branchMap":{},"s":{"0":1,"1":1},"f":{"0":1},"b":{},"_coverageSchema":"1a1c01bbd47fc00a2c39e90264f33305004495a9","hash":"ea2e7c6769751f867efc50be13a7a80c9c90fbdc"}
,"/Users/patrickalexandre/Desktop/Hack Reactor Main Course/FEC/FEC/client/src/components/reviews/RadioButton.jsx": {"path":"/Users/patrickalexandre/Desktop/Hack Reactor Main Course/FEC/FEC/client/src/components/reviews/RadioButton.jsx","statementMap":{"0":{"start":{"line":12,"column":20},"end":{"line":37,"column":1}},"1":{"start":{"line":41,"column":2},"end":{"line":60,"column":4}},"2":{"start":{"line":46,"column":10},"end":{"line":52,"column":28}},"3":{"start":{"line":49,"column":27},"end":{"line":49,"column":46}},"4":{"start":{"line":63,"column":0},"end":{"line":68,"column":2}}},"fnMap":{"0":{"name":"CustomRadioButton","decl":{"start":{"line":39,"column":9},"end":{"line":39,"column":26}},"loc":{"start":{"line":39,"column":64},"end":{"line":61,"column":1}},"line":39},"1":{"name":"(anonymous_1)","decl":{"start":{"line":45,"column":21},"end":{"line":45,"column":22}},"loc":{"start":{"line":46,"column":10},"end":{"line":52,"column":28}},"line":46},"2":{"name":"(anonymous_2)","decl":{"start":{"line":49,"column":21},"end":{"line":49,"column":22}},"loc":{"start":{"line":49,"column":27},"end":{"line":49,"column":46}},"line":49}},"branchMap":{"0":{"loc":{"start":{"line":48,"column":20},"end":{"line":48,"column":47}},"type":"cond-expr","locations":[{"start":{"line":48,"column":42},"end":{"line":48,"column":43}},{"start":{"line":48,"column":46},"end":{"line":48,"column":47}}],"line":48}},"s":{"0":3,"1":9,"2":39,"3":1,"4":3},"f":{"0":9,"1":39,"2":1},"b":{"0":[2,37]},"_coverageSchema":"1a1c01bbd47fc00a2c39e90264f33305004495a9","hash":"d7808ff50b953b5a58d69bdac4c3d44ebe7751ee"}
,"/Users/patrickalexandre/Desktop/Hack Reactor Main Course/FEC/FEC/client/src/components/reviews/RatingSummary.jsx": {"path":"/Users/patrickalexandre/Desktop/Hack Reactor Main Course/FEC/FEC/client/src/components/reviews/RatingSummary.jsx","statementMap":{"0":{"start":{"line":16,"column":79},"end":{"line":16,"column":101}},"1":{"start":{"line":18,"column":2},"end":{"line":20,"column":3}},"2":{"start":{"line":19,"column":4},"end":{"line":19,"column":16}},"3":{"start":{"line":22,"column":2},"end":{"line":36,"column":52}},"4":{"start":{"line":23,"column":30},"end":{"line":26,"column":5}},"5":{"start":{"line":24,"column":23},"end":{"line":24,"column":52}},"6":{"start":{"line":28,"column":31},"end":{"line":31,"column":25}},"7":{"start":{"line":29,"column":23},"end":{"line":29,"column":69}},"8":{"start":{"line":34,"column":4},"end":{"line":34,"column":39}},"9":{"start":{"line":35,"column":4},"end":{"line":35,"column":42}},"10":{"start":{"line":38,"column":40},"end":{"line":38,"column":74}},"11":{"start":{"line":38,"column":51},"end":{"line":38,"column":74}},"12":{"start":{"line":40,"column":27},"end":{"line":44,"column":14}},"13":{"start":{"line":46,"column":2},"end":{"line":80,"column":4}},"14":{"start":{"line":54,"column":10},"end":{"line":59,"column":23}},"15":{"start":{"line":67,"column":10},"end":{"line":76,"column":23}},"16":{"start":{"line":83,"column":0},"end":{"line":94,"column":2}},"17":{"start":{"line":96,"column":0},"end":{"line":100,"column":2}}},"fnMap":{"0":{"name":"RatingSummary","decl":{"start":{"line":15,"column":9},"end":{"line":15,"column":22}},"loc":{"start":{"line":15,"column":66},"end":{"line":81,"column":1}},"line":15},"1":{"name":"(anonymous_1)","decl":{"start":{"line":22,"column":12},"end":{"line":22,"column":13}},"loc":{"start":{"line":22,"column":18},"end":{"line":36,"column":3}},"line":22},"2":{"name":"(anonymous_2)","decl":{"start":{"line":24,"column":6},"end":{"line":24,"column":7}},"loc":{"start":{"line":24,"column":23},"end":{"line":24,"column":52}},"line":24},"3":{"name":"(anonymous_3)","decl":{"start":{"line":29,"column":6},"end":{"line":29,"column":7}},"loc":{"start":{"line":29,"column":23},"end":{"line":29,"column":69}},"line":29},"4":{"name":"(anonymous_4)","decl":{"start":{"line":38,"column":40},"end":{"line":38,"column":41}},"loc":{"start":{"line":38,"column":51},"end":{"line":38,"column":74}},"line":38},"5":{"name":"(anonymous_5)","decl":{"start":{"line":53,"column":29},"end":{"line":53,"column":30}},"loc":{"start":{"line":54,"column":10},"end":{"line":59,"column":23}},"line":54},"6":{"name":"(anonymous_6)","decl":{"start":{"line":66,"column":42},"end":{"line":66,"column":43}},"loc":{"start":{"line":67,"column":10},"end":{"line":76,"column":23}},"line":67}},"branchMap":{"0":{"loc":{"start":{"line":18,"column":2},"end":{"line":20,"column":3}},"type":"if","locations":[{"start":{"line":18,"column":2},"end":{"line":20,"column":3}},{"start":{},"end":{}}],"line":18},"1":{"loc":{"start":{"line":18,"column":6},"end":{"line":18,"column":34}},"type":"binary-expr","locations":[{"start":{"line":18,"column":6},"end":{"line":18,"column":14}},{"start":{"line":18,"column":18},"end":{"line":18,"column":34}}],"line":18}},"s":{"0":2,"1":2,"2":0,"3":2,"4":2,"5":10,"6":2,"7":10,"8":2,"9":2,"10":2,"11":8,"12":2,"13":2,"14":10,"15":8,"16":2,"17":2},"f":{"0":2,"1":2,"2":10,"3":10,"4":8,"5":10,"6":8},"b":{"0":[0,2],"1":[2,2]},"_coverageSchema":"1a1c01bbd47fc00a2c39e90264f33305004495a9","hash":"2ce3e84889ebd41cf2784be643ca9b7c5d8a701b"}
,"/Users/patrickalexandre/Desktop/Hack Reactor Main Course/FEC/FEC/client/src/components/reviews/ReviewCard.jsx": {"path":"/Users/patrickalexandre/Desktop/Hack Reactor Main Course/FEC/FEC/client/src/components/reviews/ReviewCard.jsx","statementMap":{"0":{"start":{"line":17,"column":48},"end":{"line":17,"column":63}},"1":{"start":{"line":18,"column":42},"end":{"line":18,"column":70}},"2":{"start":{"line":20,"column":29},"end":{"line":32,"column":3}},"3":{"start":{"line":21,"column":4},"end":{"line":31,"column":5}},"4":{"start":{"line":22,"column":6},"end":{"line":30,"column":11}},"5":{"start":{"line":25,"column":10},"end":{"line":25,"column":35}},"6":{"start":{"line":26,"column":10},"end":{"line":26,"column":56}},"7":{"start":{"line":26,"column":41},"end":{"line":26,"column":54}},"8":{"start":{"line":29,"column":10},"end":{"line":29,"column":29}},"9":{"start":{"line":34,"column":28},"end":{"line":42,"column":3}},"10":{"start":{"line":35,"column":4},"end":{"line":41,"column":9}},"11":{"start":{"line":40,"column":8},"end":{"line":40,"column":27}},"12":{"start":{"line":44,"column":2},"end":{"line":89,"column":4}},"13":{"start":{"line":68,"column":12},"end":{"line":68,"column":61}},"14":{"start":{"line":92,"column":0},"end":{"line":110,"column":2}}},"fnMap":{"0":{"name":"ReviewCard","decl":{"start":{"line":16,"column":9},"end":{"line":16,"column":19}},"loc":{"start":{"line":16,"column":32},"end":{"line":90,"column":1}},"line":16},"1":{"name":"(anonymous_1)","decl":{"start":{"line":20,"column":29},"end":{"line":20,"column":30}},"loc":{"start":{"line":20,"column":35},"end":{"line":32,"column":3}},"line":20},"2":{"name":"(anonymous_2)","decl":{"start":{"line":24,"column":14},"end":{"line":24,"column":15}},"loc":{"start":{"line":24,"column":20},"end":{"line":27,"column":9}},"line":24},"3":{"name":"(anonymous_3)","decl":{"start":{"line":26,"column":26},"end":{"line":26,"column":27}},"loc":{"start":{"line":26,"column":41},"end":{"line":26,"column":54}},"line":26},"4":{"name":"(anonymous_4)","decl":{"start":{"line":28,"column":15},"end":{"line":28,"column":16}},"loc":{"start":{"line":28,"column":24},"end":{"line":30,"column":9}},"line":28},"5":{"name":"(anonymous_5)","decl":{"start":{"line":34,"column":28},"end":{"line":34,"column":29}},"loc":{"start":{"line":34,"column":34},"end":{"line":42,"column":3}},"line":34},"6":{"name":"(anonymous_6)","decl":{"start":{"line":37,"column":12},"end":{"line":37,"column":13}},"loc":{"start":{"line":37,"column":18},"end":{"line":38,"column":7}},"line":37},"7":{"name":"(anonymous_7)","decl":{"start":{"line":39,"column":13},"end":{"line":39,"column":14}},"loc":{"start":{"line":39,"column":22},"end":{"line":41,"column":7}},"line":39},"8":{"name":"(anonymous_8)","decl":{"start":{"line":67,"column":29},"end":{"line":67,"column":30}},"loc":{"start":{"line":68,"column":12},"end":{"line":68,"column":61}},"line":68}},"branchMap":{"0":{"loc":{"start":{"line":21,"column":4},"end":{"line":31,"column":5}},"type":"if","locations":[{"start":{"line":21,"column":4},"end":{"line":31,"column":5}},{"start":{},"end":{}}],"line":21},"1":{"loc":{"start":{"line":51,"column":7},"end":{"line":58,"column":7}},"type":"binary-expr","locations":[{"start":{"line":51,"column":7},"end":{"line":51,"column":22}},{"start":{"line":52,"column":8},"end":{"line":57,"column":14}}],"line":51},"2":{"loc":{"start":{"line":59,"column":7},"end":{"line":64,"column":7}},"type":"binary-expr","locations":[{"start":{"line":59,"column":7},"end":{"line":59,"column":23}},{"start":{"line":60,"column":8},"end":{"line":63,"column":14}}],"line":59},"3":{"loc":{"start":{"line":65,"column":7},"end":{"line":71,"column":7}},"type":"binary-expr","locations":[{"start":{"line":65,"column":7},"end":{"line":65,"column":31}},{"start":{"line":66,"column":8},"end":{"line":70,"column":24}}],"line":65}},"s":{"0":6,"1":6,"2":6,"3":1,"4":1,"5":1,"6":1,"7":1,"8":0,"9":6,"10":1,"11":0,"12":6,"13":11,"14":2},"f":{"0":6,"1":1,"2":1,"3":1,"4":0,"5":1,"6":1,"7":0,"8":11},"b":{"0":[1,0],"1":[6,4],"2":[6,6],"3":[6,6]},"_coverageSchema":"1a1c01bbd47fc00a2c39e90264f33305004495a9","hash":"3c641e285a2cbf64c1f07cbfe0d5b95858042f9e"}
,"/Users/patrickalexandre/Desktop/Hack Reactor Main Course/FEC/FEC/client/src/components/reviews/ReviewMain.jsx": {"path":"/Users/patrickalexandre/Desktop/Hack Reactor Main Course/FEC/FEC/client/src/components/reviews/ReviewMain.jsx","statementMap":{"0":{"start":{"line":16,"column":24},"end":{"line":16,"column":46}},"1":{"start":{"line":17,"column":32},"end":{"line":17,"column":44}},"2":{"start":{"line":18,"column":38},"end":{"line":18,"column":50}},"3":{"start":{"line":19,"column":60},"end":{"line":19,"column":71}},"4":{"start":{"line":22,"column":29},"end":{"line":24,"column":5}},"5":{"start":{"line":23,"column":57},"end":{"line":23,"column":77}},"6":{"start":{"line":26,"column":33},"end":{"line":29,"column":5}},"7":{"start":{"line":31,"column":37},"end":{"line":36,"column":5}},"8":{"start":{"line":32,"column":67},"end":{"line":35,"column":7}},"9":{"start":{"line":38,"column":4},"end":{"line":43,"column":6}},"10":{"start":{"line":46,"column":2},"end":{"line":63,"column":18}},"11":{"start":{"line":47,"column":4},"end":{"line":52,"column":9}},"12":{"start":{"line":49,"column":26},"end":{"line":49,"column":59}},"13":{"start":{"line":51,"column":8},"end":{"line":51,"column":29}},"14":{"start":{"line":54,"column":4},"end":{"line":62,"column":9}},"15":{"start":{"line":57,"column":29},"end":{"line":57,"column":60}},"16":{"start":{"line":58,"column":8},"end":{"line":58,"column":36}},"17":{"start":{"line":61,"column":8},"end":{"line":61,"column":29}},"18":{"start":{"line":65,"column":32},"end":{"line":67,"column":3}},"19":{"start":{"line":66,"column":4},"end":{"line":66,"column":59}},"20":{"start":{"line":66,"column":44},"end":{"line":66,"column":57}},"21":{"start":{"line":69,"column":27},"end":{"line":88,"column":3}},"22":{"start":{"line":72,"column":4},"end":{"line":85,"column":5}},"23":{"start":{"line":74,"column":8},"end":{"line":76,"column":10}},"24":{"start":{"line":75,"column":20},"end":{"line":75,"column":55}},"25":{"start":{"line":77,"column":8},"end":{"line":77,"column":14}},"26":{"start":{"line":79,"column":8},"end":{"line":81,"column":10}},"27":{"start":{"line":80,"column":20},"end":{"line":80,"column":49}},"28":{"start":{"line":82,"column":8},"end":{"line":82,"column":14}},"29":{"start":{"line":84,"column":8},"end":{"line":84,"column":32}},"30":{"start":{"line":87,"column":4},"end":{"line":87,"column":30}},"31":{"start":{"line":90,"column":2},"end":{"line":124,"column":4}},"32":{"start":{"line":111,"column":12},"end":{"line":111,"column":65}}},"fnMap":{"0":{"name":"ReviewMain","decl":{"start":{"line":15,"column":9},"end":{"line":15,"column":19}},"loc":{"start":{"line":15,"column":22},"end":{"line":125,"column":1}},"line":15},"1":{"name":"convertToNumbers","decl":{"start":{"line":21,"column":11},"end":{"line":21,"column":27}},"loc":{"start":{"line":21,"column":34},"end":{"line":44,"column":3}},"line":21},"2":{"name":"(anonymous_2)","decl":{"start":{"line":23,"column":39},"end":{"line":23,"column":40}},"loc":{"start":{"line":23,"column":57},"end":{"line":23,"column":77}},"line":23},"3":{"name":"(anonymous_3)","decl":{"start":{"line":32,"column":47},"end":{"line":32,"column":48}},"loc":{"start":{"line":32,"column":67},"end":{"line":35,"column":7}},"line":32},"4":{"name":"(anonymous_4)","decl":{"start":{"line":46,"column":12},"end":{"line":46,"column":13}},"loc":{"start":{"line":46,"column":18},"end":{"line":63,"column":3}},"line":46},"5":{"name":"(anonymous_5)","decl":{"start":{"line":49,"column":12},"end":{"line":49,"column":13}},"loc":{"start":{"line":49,"column":26},"end":{"line":49,"column":59}},"line":49},"6":{"name":"(anonymous_6)","decl":{"start":{"line":50,"column":13},"end":{"line":50,"column":14}},"loc":{"start":{"line":50,"column":24},"end":{"line":52,"column":7}},"line":50},"7":{"name":"(anonymous_7)","decl":{"start":{"line":56,"column":12},"end":{"line":56,"column":13}},"loc":{"start":{"line":56,"column":26},"end":{"line":59,"column":7}},"line":56},"8":{"name":"(anonymous_8)","decl":{"start":{"line":60,"column":13},"end":{"line":60,"column":14}},"loc":{"start":{"line":60,"column":24},"end":{"line":62,"column":7}},"line":60},"9":{"name":"(anonymous_9)","decl":{"start":{"line":65,"column":32},"end":{"line":65,"column":33}},"loc":{"start":{"line":65,"column":38},"end":{"line":67,"column":3}},"line":65},"10":{"name":"(anonymous_10)","decl":{"start":{"line":66,"column":29},"end":{"line":66,"column":30}},"loc":{"start":{"line":66,"column":44},"end":{"line":66,"column":57}},"line":66},"11":{"name":"(anonymous_11)","decl":{"start":{"line":69,"column":27},"end":{"line":69,"column":28}},"loc":{"start":{"line":69,"column":38},"end":{"line":88,"column":3}},"line":69},"12":{"name":"(anonymous_12)","decl":{"start":{"line":75,"column":10},"end":{"line":75,"column":11}},"loc":{"start":{"line":75,"column":20},"end":{"line":75,"column":55}},"line":75},"13":{"name":"(anonymous_13)","decl":{"start":{"line":80,"column":10},"end":{"line":80,"column":11}},"loc":{"start":{"line":80,"column":20},"end":{"line":80,"column":49}},"line":80},"14":{"name":"(anonymous_14)","decl":{"start":{"line":110,"column":55},"end":{"line":110,"column":56}},"loc":{"start":{"line":111,"column":12},"end":{"line":111,"column":65}},"line":111}},"branchMap":{"0":{"loc":{"start":{"line":72,"column":4},"end":{"line":85,"column":5}},"type":"switch","locations":[{"start":{"line":73,"column":6},"end":{"line":77,"column":14}},{"start":{"line":78,"column":6},"end":{"line":82,"column":14}},{"start":{"line":83,"column":6},"end":{"line":84,"column":32}}],"line":72},"1":{"loc":{"start":{"line":92,"column":7},"end":{"line":122,"column":9}},"type":"cond-expr","locations":[{"start":{"line":95,"column":8},"end":{"line":119,"column":24}},{"start":{"line":121,"column":10},"end":{"line":121,"column":21}}],"line":92},"2":{"loc":{"start":{"line":92,"column":7},"end":{"line":94,"column":35}},"type":"binary-expr","locations":[{"start":{"line":92,"column":7},"end":{"line":92,"column":25}},{"start":{"line":93,"column":9},"end":{"line":93,"column":31}},{"start":{"line":94,"column":9},"end":{"line":94,"column":35}}],"line":92},"3":{"loc":{"start":{"line":113,"column":11},"end":{"line":117,"column":11}},"type":"binary-expr","locations":[{"start":{"line":113,"column":11},"end":{"line":113,"column":49}},{"start":{"line":114,"column":12},"end":{"line":116,"column":29}}],"line":113}},"s":{"0":2,"1":2,"2":2,"3":2,"4":1,"5":5,"6":1,"7":1,"8":4,"9":1,"10":2,"11":1,"12":1,"13":0,"14":1,"15":1,"16":1,"17":0,"18":2,"19":0,"20":0,"21":2,"22":0,"23":0,"24":0,"25":0,"26":0,"27":0,"28":0,"29":0,"30":0,"31":2,"32":2},"f":{"0":2,"1":1,"2":5,"3":4,"4":1,"5":1,"6":0,"7":1,"8":0,"9":0,"10":0,"11":0,"12":0,"13":0,"14":2},"b":{"0":[0,0,0],"1":[1,1],"2":[2,1,1],"3":[1,1]},"_coverageSchema":"1a1c01bbd47fc00a2c39e90264f33305004495a9","hash":"e690796e242adb9de43be770f3522029fc83702d"}
,"/Users/patrickalexandre/Desktop/Hack Reactor Main Course/FEC/FEC/client/src/components/reviews/StarByProductId.jsx": {"path":"/Users/patrickalexandre/Desktop/Hack Reactor Main Course/FEC/FEC/client/src/components/reviews/StarByProductId.jsx","statementMap":{"0":{"start":{"line":7,"column":44},"end":{"line":7,"column":55}},"1":{"start":{"line":9,"column":2},"end":{"line":27,"column":18}},"2":{"start":{"line":10,"column":4},"end":{"line":26,"column":9}},"3":{"start":{"line":13,"column":27},"end":{"line":13,"column":40}},"4":{"start":{"line":14,"column":29},"end":{"line":17,"column":9}},"5":{"start":{"line":15,"column":27},"end":{"line":15,"column":84}},"6":{"start":{"line":18,"column":29},"end":{"line":21,"column":9}},"7":{"start":{"line":19,"column":25},"end":{"line":19,"column":43}},"8":{"start":{"line":22,"column":8},"end":{"line":22,"column":67}},"9":{"start":{"line":25,"column":8},"end":{"line":25,"column":29}},"10":{"start":{"line":29,"column":2},"end":{"line":29,"column":55}},"11":{"start":{"line":32,"column":0},"end":{"line":34,"column":2}}},"fnMap":{"0":{"name":"StarByProductId","decl":{"start":{"line":6,"column":9},"end":{"line":6,"column":24}},"loc":{"start":{"line":6,"column":40},"end":{"line":30,"column":1}},"line":6},"1":{"name":"(anonymous_1)","decl":{"start":{"line":9,"column":12},"end":{"line":9,"column":13}},"loc":{"start":{"line":9,"column":18},"end":{"line":27,"column":3}},"line":9},"2":{"name":"(anonymous_2)","decl":{"start":{"line":12,"column":12},"end":{"line":12,"column":13}},"loc":{"start":{"line":12,"column":26},"end":{"line":23,"column":7}},"line":12},"3":{"name":"(anonymous_3)","decl":{"start":{"line":15,"column":10},"end":{"line":15,"column":11}},"loc":{"start":{"line":15,"column":27},"end":{"line":15,"column":84}},"line":15},"4":{"name":"(anonymous_4)","decl":{"start":{"line":19,"column":10},"end":{"line":19,"column":11}},"loc":{"start":{"line":19,"column":25},"end":{"line":19,"column":43}},"line":19},"5":{"name":"(anonymous_5)","decl":{"start":{"line":24,"column":13},"end":{"line":24,"column":14}},"loc":{"start":{"line":24,"column":24},"end":{"line":26,"column":7}},"line":24}},"branchMap":{},"s":{"0":10,"1":10,"2":5,"3":5,"4":5,"5":25,"6":5,"7":25,"8":5,"9":0,"10":10,"11":1},"f":{"0":10,"1":5,"2":5,"3":25,"4":25,"5":0},"b":{},"_coverageSchema":"1a1c01bbd47fc00a2c39e90264f33305004495a9","hash":"f631699b6b16285b80ae4007a7cab430e4f434fb"}
,"/Users/patrickalexandre/Desktop/Hack Reactor Main Course/FEC/FEC/client/src/components/reviews/StarRating.jsx": {"path":"/Users/patrickalexandre/Desktop/Hack Reactor Main Course/FEC/FEC/client/src/components/reviews/StarRating.jsx","statementMap":{"0":{"start":{"line":6,"column":20},"end":{"line":6,"column":38}},"1":{"start":{"line":7,"column":20},"end":{"line":7,"column":46}},"2":{"start":{"line":9,"column":2},"end":{"line":27,"column":4}},"3":{"start":{"line":12,"column":8},"end":{"line":14,"column":22}},"4":{"start":{"line":22,"column":8},"end":{"line":24,"column":22}},"5":{"start":{"line":30,"column":0},"end":{"line":33,"column":2}},"6":{"start":{"line":35,"column":0},"end":{"line":37,"column":2}}},"fnMap":{"0":{"name":"StarRating","decl":{"start":{"line":5,"column":9},"end":{"line":5,"column":19}},"loc":{"start":{"line":5,"column":38},"end":{"line":28,"column":1}},"line":5},"1":{"name":"(anonymous_1)","decl":{"start":{"line":11,"column":45},"end":{"line":11,"column":46}},"loc":{"start":{"line":12,"column":8},"end":{"line":14,"column":22}},"line":12},"2":{"name":"(anonymous_2)","decl":{"start":{"line":21,"column":53},"end":{"line":21,"column":54}},"loc":{"start":{"line":22,"column":8},"end":{"line":24,"column":22}},"line":22}},"branchMap":{"0":{"loc":{"start":{"line":16,"column":7},"end":{"line":20,"column":7}},"type":"binary-expr","locations":[{"start":{"line":16,"column":7},"end":{"line":16,"column":20}},{"start":{"line":17,"column":8},"end":{"line":19,"column":22}}],"line":16}},"s":{"0":18,"1":18,"2":18,"3":42,"4":30,"5":4,"6":4},"f":{"0":18,"1":42,"2":30},"b":{"0":[18,18]},"_coverageSchema":"1a1c01bbd47fc00a2c39e90264f33305004495a9","hash":"99eb80037a288470eeadb69e0a9786cffcba228e"}
,"/Users/patrickalexandre/Desktop/Hack Reactor Main Course/FEC/FEC/client/src/components/reviews/StarRatingInput.jsx": {"path":"/Users/patrickalexandre/Desktop/Hack Reactor Main Course/FEC/FEC/client/src/components/reviews/StarRatingInput.jsx","statementMap":{"0":{"start":{"line":6,"column":40},"end":{"line":6,"column":54}},"1":{"start":{"line":7,"column":46},"end":{"line":7,"column":57}},"2":{"start":{"line":9,"column":22},"end":{"line":12,"column":3}},"3":{"start":{"line":10,"column":4},"end":{"line":10,"column":29}},"4":{"start":{"line":11,"column":4},"end":{"line":11,"column":20}},"5":{"start":{"line":14,"column":2},"end":{"line":29,"column":4}},"6":{"start":{"line":17,"column":8},"end":{"line":26,"column":22}},"7":{"start":{"line":21,"column":30},"end":{"line":21,"column":55}},"8":{"start":{"line":22,"column":30},"end":{"line":22,"column":50}},"9":{"start":{"line":23,"column":25},"end":{"line":23,"column":47}},"10":{"start":{"line":32,"column":0},"end":{"line":35,"column":2}},"11":{"start":{"line":37,"column":0},"end":{"line":39,"column":2}}},"fnMap":{"0":{"name":"StarRatingInput","decl":{"start":{"line":5,"column":9},"end":{"line":5,"column":24}},"loc":{"start":{"line":5,"column":45},"end":{"line":30,"column":1}},"line":5},"1":{"name":"(anonymous_1)","decl":{"start":{"line":9,"column":22},"end":{"line":9,"column":23}},"loc":{"start":{"line":9,"column":33},"end":{"line":12,"column":3}},"line":9},"2":{"name":"(anonymous_2)","decl":{"start":{"line":16,"column":37},"end":{"line":16,"column":38}},"loc":{"start":{"line":17,"column":8},"end":{"line":26,"column":22}},"line":17},"3":{"name":"(anonymous_3)","decl":{"start":{"line":21,"column":24},"end":{"line":21,"column":25}},"loc":{"start":{"line":21,"column":30},"end":{"line":21,"column":55}},"line":21},"4":{"name":"(anonymous_4)","decl":{"start":{"line":22,"column":24},"end":{"line":22,"column":25}},"loc":{"start":{"line":22,"column":30},"end":{"line":22,"column":50}},"line":22},"5":{"name":"(anonymous_5)","decl":{"start":{"line":23,"column":19},"end":{"line":23,"column":20}},"loc":{"start":{"line":23,"column":25},"end":{"line":23,"column":47}},"line":23}},"branchMap":{"0":{"loc":{"start":{"line":20,"column":21},"end":{"line":20,"column":81}},"type":"cond-expr","locations":[{"start":{"line":20,"column":63},"end":{"line":20,"column":69}},{"start":{"line":20,"column":72},"end":{"line":20,"column":81}}],"line":20},"1":{"loc":{"start":{"line":20,"column":30},"end":{"line":20,"column":59}},"type":"binary-expr","locations":[{"start":{"line":20,"column":30},"end":{"line":20,"column":41}},{"start":{"line":20,"column":45},"end":{"line":20,"column":59}}],"line":20},"2":{"loc":{"start":{"line":25,"column":11},"end":{"line":25,"column":62}},"type":"cond-expr","locations":[{"start":{"line":25,"column":53},"end":{"line":25,"column":56}},{"start":{"line":25,"column":59},"end":{"line":25,"column":62}}],"line":25},"3":{"loc":{"start":{"line":25,"column":20},"end":{"line":25,"column":49}},"type":"binary-expr","locations":[{"start":{"line":25,"column":20},"end":{"line":25,"column":31}},{"start":{"line":25,"column":35},"end":{"line":25,"column":49}}],"line":25}},"s":{"0":7,"1":7,"2":7,"3":0,"4":0,"5":7,"6":35,"7":0,"8":0,"9":0,"10":2,"11":2},"f":{"0":7,"1":0,"2":35,"3":0,"4":0,"5":0},"b":{"0":[0,35],"1":[35,35],"2":[0,35],"3":[35,35]},"_coverageSchema":"1a1c01bbd47fc00a2c39e90264f33305004495a9","hash":"7d993c2b2c0c63f58101f1620fdf0cd7134c5beb"}
,"/Users/patrickalexandre/Desktop/Hack Reactor Main Course/FEC/FEC/client/src/components/reviews/Thumbnail.jsx": {"path":"/Users/patrickalexandre/Desktop/Hack Reactor Main Course/FEC/FEC/client/src/components/reviews/Thumbnail.jsx","statementMap":{"0":{"start":{"line":6,"column":40},"end":{"line":6,"column":55}},"1":{"start":{"line":8,"column":2},"end":{"line":21,"column":4}},"2":{"start":{"line":13,"column":23},"end":{"line":13,"column":43}},"3":{"start":{"line":16,"column":37},"end":{"line":16,"column":58}},"4":{"start":{"line":23,"column":0},"end":{"line":25,"column":2}}},"fnMap":{"0":{"name":"Thumbnail","decl":{"start":{"line":5,"column":9},"end":{"line":5,"column":18}},"loc":{"start":{"line":5,"column":33},"end":{"line":22,"column":1}},"line":5},"1":{"name":"(anonymous_1)","decl":{"start":{"line":13,"column":17},"end":{"line":13,"column":18}},"loc":{"start":{"line":13,"column":23},"end":{"line":13,"column":43}},"line":13},"2":{"name":"(anonymous_2)","decl":{"start":{"line":16,"column":31},"end":{"line":16,"column":32}},"loc":{"start":{"line":16,"column":37},"end":{"line":16,"column":58}},"line":16}},"branchMap":{"0":{"loc":{"start":{"line":15,"column":7},"end":{"line":19,"column":7}},"type":"binary-expr","locations":[{"start":{"line":15,"column":7},"end":{"line":15,"column":18}},{"start":{"line":16,"column":8},"end":{"line":18,"column":23}}],"line":15}},"s":{"0":11,"1":11,"2":0,"3":0,"4":2},"f":{"0":11,"1":0,"2":0},"b":{"0":[11,0]},"_coverageSchema":"1a1c01bbd47fc00a2c39e90264f33305004495a9","hash":"75dc2888e35c84e66c783800e1c265731be5abd6"}
,"/Users/patrickalexandre/Desktop/Hack Reactor Main Course/FEC/FEC/client/src/components/reviews/WriteReview.jsx": {"path":"/Users/patrickalexandre/Desktop/Hack Reactor Main Course/FEC/FEC/client/src/components/reviews/WriteReview.jsx","statementMap":{"0":{"start":{"line":17,"column":2},"end":{"line":26,"column":4}},"1":{"start":{"line":22,"column":25},"end":{"line":22,"column":49}},"2":{"start":{"line":29,"column":0},"end":{"line":33,"column":2}},"3":{"start":{"line":35,"column":0},"end":{"line":37,"column":2}},"4":{"start":{"line":40,"column":40},"end":{"line":40,"column":55}},"5":{"start":{"line":41,"column":24},"end":{"line":41,"column":46}},"6":{"start":{"line":42,"column":30},"end":{"line":42,"column":44}},"7":{"start":{"line":43,"column":36},"end":{"line":43,"column":50}},"8":{"start":{"line":44,"column":32},"end":{"line":44,"column":44}},"9":{"start":{"line":45,"column":26},"end":{"line":45,"column":38}},"10":{"start":{"line":46,"column":26},"end":{"line":46,"column":38}},"11":{"start":{"line":47,"column":28},"end":{"line":47,"column":40}},"12":{"start":{"line":48,"column":30},"end":{"line":48,"column":42}},"13":{"start":{"line":49,"column":48},"end":{"line":49,"column":60}},"14":{"start":{"line":51,"column":20},"end":{"line":53,"column":3}},"15":{"start":{"line":52,"column":4},"end":{"line":52,"column":25}},"16":{"start":{"line":55,"column":21},"end":{"line":57,"column":3}},"17":{"start":{"line":56,"column":4},"end":{"line":56,"column":26}},"18":{"start":{"line":59,"column":23},"end":{"line":81,"column":3}},"19":{"start":{"line":60,"column":4},"end":{"line":60,"column":23}},"20":{"start":{"line":62,"column":17},"end":{"line":72,"column":5}},"21":{"start":{"line":73,"column":4},"end":{"line":80,"column":9}},"22":{"start":{"line":76,"column":8},"end":{"line":76,"column":21}},"23":{"start":{"line":79,"column":8},"end":{"line":79,"column":29}},"24":{"start":{"line":83,"column":2},"end":{"line":173,"column":4}},"25":{"start":{"line":94,"column":52},"end":{"line":94,"column":68}},"26":{"start":{"line":104,"column":37},"end":{"line":104,"column":65}},"27":{"start":{"line":114,"column":37},"end":{"line":114,"column":65}},"28":{"start":{"line":138,"column":35},"end":{"line":138,"column":58}},"29":{"start":{"line":148,"column":42},"end":{"line":148,"column":68}},"30":{"start":{"line":149,"column":39},"end":{"line":149,"column":93}},"31":{"start":{"line":149,"column":67},"end":{"line":149,"column":92}},"32":{"start":{"line":150,"column":20},"end":{"line":150,"column":42}},"33":{"start":{"line":155,"column":16},"end":{"line":165,"column":18}},"34":{"start":{"line":161,"column":20},"end":{"line":164,"column":23}},"35":{"start":{"line":161,"column":50},"end":{"line":164,"column":21}},"36":{"start":{"line":176,"column":0},"end":{"line":184,"column":2}}},"fnMap":{"0":{"name":"FormEntry","decl":{"start":{"line":16,"column":9},"end":{"line":16,"column":18}},"loc":{"start":{"line":16,"column":53},"end":{"line":27,"column":1}},"line":16},"1":{"name":"(anonymous_1)","decl":{"start":{"line":22,"column":18},"end":{"line":22,"column":19}},"loc":{"start":{"line":22,"column":25},"end":{"line":22,"column":49}},"line":22},"2":{"name":"WriteReview","decl":{"start":{"line":39,"column":9},"end":{"line":39,"column":20}},"loc":{"start":{"line":39,"column":37},"end":{"line":174,"column":1}},"line":39},"3":{"name":"(anonymous_3)","decl":{"start":{"line":51,"column":20},"end":{"line":51,"column":21}},"loc":{"start":{"line":51,"column":26},"end":{"line":53,"column":3}},"line":51},"4":{"name":"(anonymous_4)","decl":{"start":{"line":55,"column":21},"end":{"line":55,"column":22}},"loc":{"start":{"line":55,"column":27},"end":{"line":57,"column":3}},"line":55},"5":{"name":"(anonymous_5)","decl":{"start":{"line":59,"column":23},"end":{"line":59,"column":24}},"loc":{"start":{"line":59,"column":30},"end":{"line":81,"column":3}},"line":59},"6":{"name":"(anonymous_6)","decl":{"start":{"line":75,"column":12},"end":{"line":75,"column":13}},"loc":{"start":{"line":75,"column":18},"end":{"line":77,"column":7}},"line":75},"7":{"name":"(anonymous_7)","decl":{"start":{"line":78,"column":13},"end":{"line":78,"column":14}},"loc":{"start":{"line":78,"column":24},"end":{"line":80,"column":7}},"line":78},"8":{"name":"(anonymous_8)","decl":{"start":{"line":94,"column":41},"end":{"line":94,"column":42}},"loc":{"start":{"line":94,"column":52},"end":{"line":94,"column":68}},"line":94},"9":{"name":"(anonymous_9)","decl":{"start":{"line":104,"column":30},"end":{"line":104,"column":31}},"loc":{"start":{"line":104,"column":37},"end":{"line":104,"column":65}},"line":104},"10":{"name":"(anonymous_10)","decl":{"start":{"line":114,"column":30},"end":{"line":114,"column":31}},"loc":{"start":{"line":114,"column":37},"end":{"line":114,"column":65}},"line":114},"11":{"name":"(anonymous_11)","decl":{"start":{"line":138,"column":28},"end":{"line":138,"column":29}},"loc":{"start":{"line":138,"column":35},"end":{"line":138,"column":58}},"line":138},"12":{"name":"(anonymous_12)","decl":{"start":{"line":147,"column":28},"end":{"line":147,"column":29}},"loc":{"start":{"line":147,"column":35},"end":{"line":151,"column":19}},"line":147},"13":{"name":"(anonymous_13)","decl":{"start":{"line":149,"column":57},"end":{"line":149,"column":58}},"loc":{"start":{"line":149,"column":67},"end":{"line":149,"column":92}},"line":149},"14":{"name":"(anonymous_14)","decl":{"start":{"line":154,"column":76},"end":{"line":154,"column":77}},"loc":{"start":{"line":155,"column":16},"end":{"line":165,"column":18}},"line":155},"15":{"name":"(anonymous_15)","decl":{"start":{"line":160,"column":28},"end":{"line":160,"column":29}},"loc":{"start":{"line":161,"column":20},"end":{"line":164,"column":23}},"line":161},"16":{"name":"(anonymous_16)","decl":{"start":{"line":161,"column":39},"end":{"line":161,"column":40}},"loc":{"start":{"line":161,"column":50},"end":{"line":164,"column":21}},"line":161}},"branchMap":{"0":{"loc":{"start":{"line":23,"column":21},"end":{"line":23,"column":38}},"type":"binary-expr","locations":[{"start":{"line":23,"column":21},"end":{"line":23,"column":32}},{"start":{"line":23,"column":36},"end":{"line":23,"column":38}}],"line":23},"1":{"loc":{"start":{"line":87,"column":7},"end":{"line":171,"column":7}},"type":"binary-expr","locations":[{"start":{"line":87,"column":7},"end":{"line":87,"column":18}},{"start":{"line":88,"column":8},"end":{"line":170,"column":23}}],"line":87},"2":{"loc":{"start":{"line":154,"column":15},"end":{"line":166,"column":16}},"type":"binary-expr","locations":[{"start":{"line":154,"column":15},"end":{"line":154,"column":25}},{"start":{"line":154,"column":29},"end":{"line":166,"column":16}}],"line":154},"3":{"loc":{"start":{"line":159,"column":25},"end":{"line":159,"column":58}},"type":"binary-expr","locations":[{"start":{"line":159,"column":25},"end":{"line":159,"column":53}},{"start":{"line":159,"column":57},"end":{"line":159,"column":58}}],"line":159}},"s":{"0":21,"1":3,"2":2,"3":2,"4":13,"5":13,"6":13,"7":13,"8":13,"9":13,"10":13,"11":13,"12":13,"13":13,"14":13,"15":2,"16":13,"17":2,"18":13,"19":1,"20":1,"21":1,"22":1,"23":0,"24":13,"25":0,"26":1,"27":0,"28":1,"29":0,"30":0,"31":0,"32":0,"33":7,"34":0,"35":0,"36":2},"f":{"0":21,"1":3,"2":13,"3":2,"4":2,"5":1,"6":1,"7":0,"8":0,"9":1,"10":0,"11":1,"12":0,"13":0,"14":7,"15":0,"16":0},"b":{"0":[21,0],"1":[13,7],"2":[7,7],"3":[7,7]},"_coverageSchema":"1a1c01bbd47fc00a2c39e90264f33305004495a9","hash":"9df613dd0a65ac708ebd562c09c73ae01296386e"}
,"/Users/patrickalexandre/Desktop/Hack Reactor Main Course/FEC/FEC/client/src/components/reviews/styles.js": {"path":"/Users/patrickalexandre/Desktop/Hack Reactor Main Course/FEC/FEC/client/src/components/reviews/styles.js","statementMap":{"0":{"start":{"line":4,"column":26},"end":{"line":4,"column":49}},"1":{"start":{"line":6,"column":29},"end":{"line":19,"column":1}},"2":{"start":{"line":21,"column":30},"end":{"line":32,"column":1}},"3":{"start":{"line":34,"column":31},"end":{"line":39,"column":1}},"4":{"start":{"line":40,"column":27},"end":{"line":46,"column":1}},"5":{"start":{"line":47,"column":32},"end":{"line":67,"column":1}},"6":{"start":{"line":69,"column":30},"end":{"line":77,"column":1}},"7":{"start":{"line":79,"column":29},"end":{"line":86,"column":1}},"8":{"start":{"line":89,"column":26},"end":{"line":95,"column":1}},"9":{"start":{"line":97,"column":19},"end":{"line":117,"column":1}},"10":{"start":{"line":119,"column":27},"end":{"line":122,"column":1}},"11":{"start":{"line":125,"column":29},"end":{"line":134,"column":1}},"12":{"start":{"line":136,"column":28},"end":{"line":138,"column":1}},"13":{"start":{"line":140,"column":30},"end":{"line":149,"column":1}},"14":{"start":{"line":151,"column":28},"end":{"line":154,"column":1}},"15":{"start":{"line":156,"column":30},"end":{"line":158,"column":1}},"16":{"start":{"line":160,"column":31},"end":{"line":162,"column":1}},"17":{"start":{"line":165,"column":28},"end":{"line":176,"column":1}},"18":{"start":{"line":179,"column":28},"end":{"line":191,"column":1}},"19":{"start":{"line":194,"column":27},"end":{"line":202,"column":1}},"20":{"start":{"line":204,"column":26},"end":{"line":208,"column":1}},"21":{"start":{"line":210,"column":24},"end":{"line":214,"column":1}},"22":{"start":{"line":216,"column":19},"end":{"line":221,"column":1}},"23":{"start":{"line":223,"column":25},"end":{"line":227,"column":1}},"24":{"start":{"line":226,"column":22},"end":{"line":226,"column":39}},"25":{"start":{"line":229,"column":23},"end":{"line":234,"column":1}},"26":{"start":{"line":233,"column":28},"end":{"line":233,"column":45}},"27":{"start":{"line":236,"column":27},"end":{"line":256,"column":1}},"28":{"start":{"line":239,"column":26},"end":{"line":239,"column":46}},"29":{"start":{"line":251,"column":24},"end":{"line":251,"column":43}},"30":{"start":{"line":258,"column":30},"end":{"line":262,"column":1}},"31":{"start":{"line":264,"column":27},"end":{"line":269,"column":1}},"32":{"start":{"line":271,"column":31},"end":{"line":293,"column":1}},"33":{"start":{"line":277,"column":34},"end":{"line":277,"column":74}},"34":{"start":{"line":281,"column":30},"end":{"line":281,"column":63}},"35":{"start":{"line":295,"column":30},"end":{"line":300,"column":1}},"36":{"start":{"line":302,"column":32},"end":{"line":307,"column":1}},"37":{"start":{"line":309,"column":37},"end":{"line":319,"column":1}},"38":{"start":{"line":321,"column":26},"end":{"line":329,"column":1}},"39":{"start":{"line":331,"column":29},"end":{"line":339,"column":1}}},"fnMap":{"0":{"name":"(anonymous_0)","decl":{"start":{"line":226,"column":11},"end":{"line":226,"column":12}},"loc":{"start":{"line":226,"column":22},"end":{"line":226,"column":39}},"line":226},"1":{"name":"(anonymous_1)","decl":{"start":{"line":233,"column":17},"end":{"line":233,"column":18}},"loc":{"start":{"line":233,"column":28},"end":{"line":233,"column":45}},"line":233},"2":{"name":"(anonymous_2)","decl":{"start":{"line":239,"column":15},"end":{"line":239,"column":16}},"loc":{"start":{"line":239,"column":26},"end":{"line":239,"column":46}},"line":239},"3":{"name":"(anonymous_3)","decl":{"start":{"line":251,"column":13},"end":{"line":251,"column":14}},"loc":{"start":{"line":251,"column":24},"end":{"line":251,"column":43}},"line":251},"4":{"name":"(anonymous_4)","decl":{"start":{"line":277,"column":22},"end":{"line":277,"column":23}},"loc":{"start":{"line":277,"column":34},"end":{"line":277,"column":74}},"line":277},"5":{"name":"(anonymous_5)","decl":{"start":{"line":281,"column":18},"end":{"line":281,"column":19}},"loc":{"start":{"line":281,"column":30},"end":{"line":281,"column":63}},"line":281}},"branchMap":{"0":{"loc":{"start":{"line":239,"column":26},"end":{"line":239,"column":46}},"type":"binary-expr","locations":[{"start":{"line":239,"column":26},"end":{"line":239,"column":36}},{"start":{"line":239,"column":40},"end":{"line":239,"column":46}}],"line":239},"1":{"loc":{"start":{"line":251,"column":24},"end":{"line":251,"column":43}},"type":"binary-expr","locations":[{"start":{"line":251,"column":24},"end":{"line":251,"column":35}},{"start":{"line":251,"column":39},"end":{"line":251,"column":43}}],"line":251},"2":{"loc":{"start":{"line":277,"column":34},"end":{"line":277,"column":74}},"type":"cond-expr","locations":[{"start":{"line":277,"column":49},"end":{"line":277,"column":58}},{"start":{"line":277,"column":61},"end":{"line":277,"column":74}}],"line":277},"3":{"loc":{"start":{"line":281,"column":30},"end":{"line":281,"column":63}},"type":"cond-expr","locations":[{"start":{"line":281,"column":45},"end":{"line":281,"column":54}},{"start":{"line":281,"column":57},"end":{"line":281,"column":63}}],"line":281}},"s":{"0":6,"1":6,"2":6,"3":6,"4":6,"5":6,"6":6,"7":6,"8":6,"9":6,"10":6,"11":6,"12":6,"13":6,"14":6,"15":6,"16":6,"17":6,"18":6,"19":6,"20":6,"21":6,"22":6,"23":6,"24":10,"25":6,"26":8,"27":6,"28":125,"29":125,"30":6,"31":6,"32":6,"33":39,"34":39,"35":6,"36":6,"37":6,"38":6,"39":6},"f":{"0":10,"1":8,"2":125,"3":125,"4":39,"5":39},"b":{"0":[125,0],"1":[125,107],"2":[2,37],"3":[2,37]},"_coverageSchema":"1a1c01bbd47fc00a2c39e90264f33305004495a9","hash":"840b61c974415984ab6714a5cd9b359a7862119a"}
,"/Users/patrickalexandre/Desktop/Hack Reactor Main Course/FEC/FEC/client/src/components/tests/exampleData.js": {"path":"/Users/patrickalexandre/Desktop/Hack Reactor Main Course/FEC/FEC/client/src/components/tests/exampleData.js","statementMap":{"0":{"start":{"line":1,"column":30},"end":{"line":21,"column":1}},"1":{"start":{"line":23,"column":24},"end":{"line":120,"column":1}},"2":{"start":{"line":122,"column":26},"end":{"line":153,"column":1}},"3":{"start":{"line":155,"column":23},"end":{"line":265,"column":1}},"4":{"start":{"line":267,"column":21},"end":{"line":347,"column":1}}},"fnMap":{},"branchMap":{},"s":{"0":1,"1":1,"2":1,"3":1,"4":1},"f":{},"b":{},"_coverageSchema":"1a1c01bbd47fc00a2c39e90264f33305004495a9","hash":"89026ef55da3efefa9b291b52a361e44d6394080"}
}
