{"/Users/patrickalexandre/Desktop/Hack Reactor Main Course/FEC/FEC/client/src/components/AppContext.jsx": {"path":"/Users/patrickalexandre/Desktop/Hack Reactor Main Course/FEC/FEC/client/src/components/AppContext.jsx","statementMap":{"0":{"start":{"line":3,"column":19},"end":{"line":3,"column":34}}},"fnMap":{},"branchMap":{},"s":{"0":1},"f":{},"b":{},"_coverageSchema":"1a1c01bbd47fc00a2c39e90264f33305004495a9","hash":"70d8f9c52be533bd085282c0cff66eff62cf7cd6"}
,"/Users/patrickalexandre/Desktop/Hack Reactor Main Course/FEC/FEC/client/src/components/related_products/Lists/ProductList.jsx": {"path":"/Users/patrickalexandre/Desktop/Hack Reactor Main Course/FEC/FEC/client/src/components/related_products/Lists/ProductList.jsx","statementMap":{"0":{"start":{"line":9,"column":20},"end":{"line":9,"column":23}},"1":{"start":{"line":10,"column":17},"end":{"line":10,"column":29}},"2":{"start":{"line":11,"column":40},"end":{"line":11,"column":51}},"3":{"start":{"line":12,"column":34},"end":{"line":12,"column":45}},"4":{"start":{"line":14,"column":27},"end":{"line":20,"column":3}},"5":{"start":{"line":15,"column":4},"end":{"line":19,"column":5}},"6":{"start":{"line":16,"column":6},"end":{"line":16,"column":63}},"7":{"start":{"line":18,"column":6},"end":{"line":18,"column":63}},"8":{"start":{"line":22,"column":2},"end":{"line":28,"column":24}},"9":{"start":{"line":23,"column":4},"end":{"line":27,"column":5}},"10":{"start":{"line":24,"column":6},"end":{"line":24,"column":59}},"11":{"start":{"line":26,"column":6},"end":{"line":26,"column":23}},"12":{"start":{"line":30,"column":2},"end":{"line":41,"column":4}},"13":{"start":{"line":33,"column":55},"end":{"line":33,"column":80}},"14":{"start":{"line":36,"column":37},"end":{"line":36,"column":95}},"15":{"start":{"line":39,"column":63},"end":{"line":39,"column":89}},"16":{"start":{"line":46,"column":0},"end":{"line":66,"column":2}}},"fnMap":{"0":{"name":"ProductList","decl":{"start":{"line":8,"column":9},"end":{"line":8,"column":20}},"loc":{"start":{"line":8,"column":35},"end":{"line":42,"column":1}},"line":8},"1":{"name":"(anonymous_1)","decl":{"start":{"line":14,"column":27},"end":{"line":14,"column":28}},"loc":{"start":{"line":14,"column":42},"end":{"line":20,"column":3}},"line":14},"2":{"name":"(anonymous_2)","decl":{"start":{"line":22,"column":12},"end":{"line":22,"column":13}},"loc":{"start":{"line":22,"column":18},"end":{"line":28,"column":3}},"line":22},"3":{"name":"(anonymous_3)","decl":{"start":{"line":33,"column":47},"end":{"line":33,"column":48}},"loc":{"start":{"line":33,"column":53},"end":{"line":33,"column":82}},"line":33},"4":{"name":"(anonymous_4)","decl":{"start":{"line":36,"column":24},"end":{"line":36,"column":25}},"loc":{"start":{"line":36,"column":37},"end":{"line":36,"column":95}},"line":36},"5":{"name":"(anonymous_5)","decl":{"start":{"line":39,"column":55},"end":{"line":39,"column":56}},"loc":{"start":{"line":39,"column":61},"end":{"line":39,"column":91}},"line":39}},"branchMap":{"0":{"loc":{"start":{"line":15,"column":4},"end":{"line":19,"column":5}},"type":"if","locations":[{"start":{"line":15,"column":4},"end":{"line":19,"column":5}},{"start":{"line":17,"column":11},"end":{"line":19,"column":5}}],"line":15},"1":{"loc":{"start":{"line":23,"column":4},"end":{"line":27,"column":5}},"type":"if","locations":[{"start":{"line":23,"column":4},"end":{"line":27,"column":5}},{"start":{"line":25,"column":11},"end":{"line":27,"column":5}}],"line":23},"2":{"loc":{"start":{"line":33,"column":7},"end":{"line":33,"column":105}},"type":"binary-expr","locations":[{"start":{"line":33,"column":7},"end":{"line":33,"column":22}},{"start":{"line":33,"column":26},"end":{"line":33,"column":105}}],"line":33},"3":{"loc":{"start":{"line":39,"column":7},"end":{"line":39,"column":115}},"type":"binary-expr","locations":[{"start":{"line":39,"column":7},"end":{"line":39,"column":29}},{"start":{"line":39,"column":33},"end":{"line":39,"column":115}}],"line":39}},"s":{"0":1,"1":1,"2":1,"3":1,"4":1,"5":0,"6":0,"7":0,"8":1,"9":1,"10":0,"11":1,"12":1,"13":0,"14":4,"15":0,"16":1},"f":{"0":1,"1":0,"2":1,"3":0,"4":4,"5":0},"b":{"0":[0,0],"1":[0,1],"2":[1,0],"3":[1,0]},"_coverageSchema":"1a1c01bbd47fc00a2c39e90264f33305004495a9","hash":"4bdfb5b336001bda3e4df7b875e1bab47c76c311"}
,"/Users/patrickalexandre/Desktop/Hack Reactor Main Course/FEC/FEC/client/src/components/related_products/Lists/styles.jsx": {"path":"/Users/patrickalexandre/Desktop/Hack Reactor Main Course/FEC/FEC/client/src/components/related_products/Lists/styles.jsx","statementMap":{"0":{"start":{"line":3,"column":27},"end":{"line":11,"column":1}},"1":{"start":{"line":13,"column":28},"end":{"line":18,"column":1}},"2":{"start":{"line":20,"column":29},"end":{"line":26,"column":1}},"3":{"start":{"line":28,"column":27},"end":{"line":35,"column":2}},"4":{"start":{"line":37,"column":26},"end":{"line":44,"column":2}},"5":{"start":{"line":46,"column":25},"end":{"line":49,"column":2}}},"fnMap":{},"branchMap":{},"s":{"0":1,"1":1,"2":1,"3":1,"4":1,"5":1},"f":{},"b":{},"_coverageSchema":"1a1c01bbd47fc00a2c39e90264f33305004495a9","hash":"772f07d634eb9bb9e355ed9cad25d29979cf21f2"}
,"/Users/patrickalexandre/Desktop/Hack Reactor Main Course/FEC/FEC/client/src/components/related_products/ProductCard/Card.jsx": {"path":"/Users/patrickalexandre/Desktop/Hack Reactor Main Course/FEC/FEC/client/src/components/related_products/ProductCard/Card.jsx","statementMap":{"0":{"start":{"line":13,"column":42},"end":{"line":13,"column":54}},"1":{"start":{"line":14,"column":34},"end":{"line":14,"column":46}},"2":{"start":{"line":15,"column":46},"end":{"line":15,"column":57}},"3":{"start":{"line":16,"column":38},"end":{"line":16,"column":60}},"4":{"start":{"line":17,"column":36},"end":{"line":17,"column":51}},"5":{"start":{"line":19,"column":28},"end":{"line":21,"column":3}},"6":{"start":{"line":20,"column":4},"end":{"line":20,"column":23}},"7":{"start":{"line":23,"column":2},"end":{"line":38,"column":9}},"8":{"start":{"line":24,"column":19},"end":{"line":28,"column":5}},"9":{"start":{"line":29,"column":4},"end":{"line":37,"column":9}},"10":{"start":{"line":31,"column":23},"end":{"line":31,"column":90}},"11":{"start":{"line":31,"column":63},"end":{"line":31,"column":89}},"12":{"start":{"line":32,"column":8},"end":{"line":32,"column":35}},"13":{"start":{"line":33,"column":8},"end":{"line":33,"column":70}},"14":{"start":{"line":36,"column":8},"end":{"line":36,"column":45}},"15":{"start":{"line":40,"column":2},"end":{"line":66,"column":4}},"16":{"start":{"line":43,"column":60},"end":{"line":43,"column":78}},"17":{"start":{"line":48,"column":25},"end":{"line":48,"column":44}},"18":{"start":{"line":53,"column":39},"end":{"line":53,"column":63}}},"fnMap":{"0":{"name":"Card","decl":{"start":{"line":12,"column":9},"end":{"line":12,"column":13}},"loc":{"start":{"line":12,"column":39},"end":{"line":67,"column":1}},"line":12},"1":{"name":"(anonymous_1)","decl":{"start":{"line":19,"column":28},"end":{"line":19,"column":29}},"loc":{"start":{"line":19,"column":34},"end":{"line":21,"column":3}},"line":19},"2":{"name":"(anonymous_2)","decl":{"start":{"line":23,"column":12},"end":{"line":23,"column":13}},"loc":{"start":{"line":23,"column":18},"end":{"line":38,"column":3}},"line":23},"3":{"name":"(anonymous_3)","decl":{"start":{"line":30,"column":12},"end":{"line":30,"column":13}},"loc":{"start":{"line":30,"column":26},"end":{"line":34,"column":7}},"line":30},"4":{"name":"(anonymous_4)","decl":{"start":{"line":31,"column":52},"end":{"line":31,"column":53}},"loc":{"start":{"line":31,"column":63},"end":{"line":31,"column":89}},"line":31},"5":{"name":"(anonymous_5)","decl":{"start":{"line":35,"column":13},"end":{"line":35,"column":14}},"loc":{"start":{"line":35,"column":19},"end":{"line":37,"column":7}},"line":35},"6":{"name":"(anonymous_6)","decl":{"start":{"line":43,"column":54},"end":{"line":43,"column":55}},"loc":{"start":{"line":43,"column":60},"end":{"line":43,"column":78}},"line":43},"7":{"name":"(anonymous_7)","decl":{"start":{"line":48,"column":19},"end":{"line":48,"column":20}},"loc":{"start":{"line":48,"column":25},"end":{"line":48,"column":44}},"line":48},"8":{"name":"(anonymous_8)","decl":{"start":{"line":53,"column":33},"end":{"line":53,"column":34}},"loc":{"start":{"line":53,"column":39},"end":{"line":53,"column":63}},"line":53}},"branchMap":{"0":{"loc":{"start":{"line":43,"column":9},"end":{"line":43,"column":102}},"type":"binary-expr","locations":[{"start":{"line":43,"column":9},"end":{"line":43,"column":27}},{"start":{"line":43,"column":31},"end":{"line":43,"column":102}}],"line":43},"1":{"loc":{"start":{"line":44,"column":9},"end":{"line":44,"column":106}},"type":"binary-expr","locations":[{"start":{"line":44,"column":9},"end":{"line":44,"column":26}},{"start":{"line":44,"column":30},"end":{"line":44,"column":106}}],"line":44},"2":{"loc":{"start":{"line":45,"column":9},"end":{"line":49,"column":26}},"type":"binary-expr","locations":[{"start":{"line":45,"column":9},"end":{"line":45,"column":18}},{"start":{"line":45,"column":22},"end":{"line":49,"column":26}}],"line":45},"3":{"loc":{"start":{"line":56,"column":9},"end":{"line":62,"column":65}},"type":"cond-expr","locations":[{"start":{"line":57,"column":10},"end":{"line":60,"column":25}},{"start":{"line":62,"column":12},"end":{"line":62,"column":65}}],"line":56}},"s":{"0":10,"1":10,"2":10,"3":10,"4":10,"5":10,"6":0,"7":10,"8":5,"9":5,"10":5,"11":20,"12":5,"13":5,"14":0,"15":10,"16":0,"17":0,"18":1},"f":{"0":10,"1":0,"2":5,"3":5,"4":20,"5":0,"6":0,"7":0,"8":1},"b":{"0":[10,10],"1":[10,0],"2":[10,0],"3":[10,0]},"_coverageSchema":"1a1c01bbd47fc00a2c39e90264f33305004495a9","hash":"a3ff9e7da55751d576ad9aa209e6048f1cdc119a"}
,"/Users/patrickalexandre/Desktop/Hack Reactor Main Course/FEC/FEC/client/src/components/related_products/ProductCard/Comparison.jsx": {"path":"/Users/patrickalexandre/Desktop/Hack Reactor Main Course/FEC/FEC/client/src/components/related_products/ProductCard/Comparison.jsx","statementMap":{"0":{"start":{"line":9,"column":16},"end":{"line":9,"column":41}},"1":{"start":{"line":12,"column":47},"end":{"line":12,"column":69}},"2":{"start":{"line":13,"column":62},"end":{"line":13,"column":95}},"3":{"start":{"line":14,"column":64},"end":{"line":14,"column":82}},"4":{"start":{"line":16,"column":27},"end":{"line":19,"column":3}},"5":{"start":{"line":20,"column":15},"end":{"line":20,"column":61}},"6":{"start":{"line":20,"column":53},"end":{"line":20,"column":60}},"7":{"start":{"line":21,"column":27},"end":{"line":22,"column":71}},"8":{"start":{"line":22,"column":36},"end":{"line":22,"column":70}},"9":{"start":{"line":24,"column":18},"end":{"line":38,"column":3}},"10":{"start":{"line":25,"column":4},"end":{"line":37,"column":5}},"11":{"start":{"line":26,"column":6},"end":{"line":30,"column":7}},"12":{"start":{"line":26,"column":19},"end":{"line":26,"column":20}},"13":{"start":{"line":27,"column":8},"end":{"line":29,"column":9}},"14":{"start":{"line":28,"column":10},"end":{"line":28,"column":39}},"15":{"start":{"line":31,"column":11},"end":{"line":37,"column":5}},"16":{"start":{"line":32,"column":6},"end":{"line":36,"column":7}},"17":{"start":{"line":32,"column":19},"end":{"line":32,"column":20}},"18":{"start":{"line":33,"column":8},"end":{"line":35,"column":9}},"19":{"start":{"line":34,"column":10},"end":{"line":34,"column":39}},"20":{"start":{"line":40,"column":2},"end":{"line":64,"column":4}},"21":{"start":{"line":55,"column":12},"end":{"line":59,"column":25}}},"fnMap":{"0":{"name":"Comparison","decl":{"start":{"line":11,"column":9},"end":{"line":11,"column":19}},"loc":{"start":{"line":11,"column":49},"end":{"line":65,"column":1}},"line":11},"1":{"name":"(anonymous_1)","decl":{"start":{"line":20,"column":36},"end":{"line":20,"column":37}},"loc":{"start":{"line":20,"column":53},"end":{"line":20,"column":60}},"line":20},"2":{"name":"(anonymous_2)","decl":{"start":{"line":22,"column":12},"end":{"line":22,"column":13}},"loc":{"start":{"line":22,"column":36},"end":{"line":22,"column":70}},"line":22},"3":{"name":"(anonymous_3)","decl":{"start":{"line":24,"column":18},"end":{"line":24,"column":19}},"loc":{"start":{"line":24,"column":38},"end":{"line":38,"column":3}},"line":24},"4":{"name":"(anonymous_4)","decl":{"start":{"line":54,"column":32},"end":{"line":54,"column":33}},"loc":{"start":{"line":55,"column":12},"end":{"line":59,"column":25}},"line":55}},"branchMap":{"0":{"loc":{"start":{"line":25,"column":4},"end":{"line":37,"column":5}},"type":"if","locations":[{"start":{"line":25,"column":4},"end":{"line":37,"column":5}},{"start":{"line":31,"column":11},"end":{"line":37,"column":5}}],"line":25},"1":{"loc":{"start":{"line":27,"column":8},"end":{"line":29,"column":9}},"type":"if","locations":[{"start":{"line":27,"column":8},"end":{"line":29,"column":9}},{"start":{},"end":{}}],"line":27},"2":{"loc":{"start":{"line":31,"column":11},"end":{"line":37,"column":5}},"type":"if","locations":[{"start":{"line":31,"column":11},"end":{"line":37,"column":5}},{"start":{},"end":{}}],"line":31},"3":{"loc":{"start":{"line":33,"column":8},"end":{"line":35,"column":9}},"type":"if","locations":[{"start":{"line":33,"column":8},"end":{"line":35,"column":9}},{"start":{},"end":{}}],"line":33},"4":{"loc":{"start":{"line":57,"column":15},"end":{"line":57,"column":157}},"type":"cond-expr","locations":[{"start":{"line":57,"column":28},"end":{"line":57,"column":90}},{"start":{"line":57,"column":93},"end":{"line":57,"column":157}}],"line":57}},"s":{"0":1,"1":1,"2":1,"3":1,"4":1,"5":1,"6":4,"7":1,"8":4,"9":1,"10":6,"11":3,"12":3,"13":6,"14":1,"15":3,"16":3,"17":3,"18":5,"19":2,"20":1,"21":3},"f":{"0":1,"1":4,"2":4,"3":6,"4":3},"b":{"0":[3,3],"1":[1,5],"2":[3,0],"3":[2,3],"4":[3,0]},"_coverageSchema":"1a1c01bbd47fc00a2c39e90264f33305004495a9","hash":"9335e70aa62e354823086e27c8ca6afab0a35776"}
,"/Users/patrickalexandre/Desktop/Hack Reactor Main Course/FEC/FEC/client/src/components/related_products/ProductCard/styles.jsx": {"path":"/Users/patrickalexandre/Desktop/Hack Reactor Main Course/FEC/FEC/client/src/components/related_products/ProductCard/styles.jsx","statementMap":{"0":{"start":{"line":3,"column":27},"end":{"line":14,"column":1}},"1":{"start":{"line":16,"column":32},"end":{"line":21,"column":1}},"2":{"start":{"line":23,"column":27},"end":{"line":27,"column":1}},"3":{"start":{"line":29,"column":31},"end":{"line":32,"column":1}},"4":{"start":{"line":34,"column":28},"end":{"line":37,"column":1}},"5":{"start":{"line":39,"column":30},"end":{"line":44,"column":1}},"6":{"start":{"line":46,"column":28},"end":{"line":51,"column":1}},"7":{"start":{"line":53,"column":28},"end":{"line":63,"column":1}},"8":{"start":{"line":65,"column":28},"end":{"line":72,"column":1}},"9":{"start":{"line":74,"column":28},"end":{"line":81,"column":1}},"10":{"start":{"line":83,"column":25},"end":{"line":84,"column":1}},"11":{"start":{"line":86,"column":29},"end":{"line":97,"column":1}},"12":{"start":{"line":99,"column":26},"end":{"line":100,"column":1}},"13":{"start":{"line":102,"column":26},"end":{"line":116,"column":1}},"14":{"start":{"line":118,"column":34},"end":{"line":123,"column":1}},"15":{"start":{"line":125,"column":30},"end":{"line":129,"column":1}},"16":{"start":{"line":131,"column":28},"end":{"line":142,"column":1}}},"fnMap":{},"branchMap":{},"s":{"0":1,"1":1,"2":1,"3":1,"4":1,"5":1,"6":1,"7":1,"8":1,"9":1,"10":1,"11":1,"12":1,"13":1,"14":1,"15":1,"16":1},"f":{},"b":{},"_coverageSchema":"1a1c01bbd47fc00a2c39e90264f33305004495a9","hash":"f1bbfb52dc8370fb98c5601c3ea03ecae1b3458c"}
,"/Users/patrickalexandre/Desktop/Hack Reactor Main Course/FEC/FEC/client/src/components/reviews/StarByProductId.jsx": {"path":"/Users/patrickalexandre/Desktop/Hack Reactor Main Course/FEC/FEC/client/src/components/reviews/StarByProductId.jsx","statementMap":{"0":{"start":{"line":7,"column":44},"end":{"line":7,"column":55}},"1":{"start":{"line":9,"column":2},"end":{"line":27,"column":18}},"2":{"start":{"line":10,"column":4},"end":{"line":26,"column":9}},"3":{"start":{"line":13,"column":27},"end":{"line":13,"column":40}},"4":{"start":{"line":14,"column":29},"end":{"line":17,"column":9}},"5":{"start":{"line":15,"column":27},"end":{"line":15,"column":84}},"6":{"start":{"line":18,"column":29},"end":{"line":21,"column":9}},"7":{"start":{"line":19,"column":25},"end":{"line":19,"column":43}},"8":{"start":{"line":22,"column":8},"end":{"line":22,"column":54}},"9":{"start":{"line":25,"column":8},"end":{"line":25,"column":29}},"10":{"start":{"line":29,"column":2},"end":{"line":29,"column":47}},"11":{"start":{"line":32,"column":0},"end":{"line":34,"column":2}}},"fnMap":{"0":{"name":"StarByProductId","decl":{"start":{"line":6,"column":9},"end":{"line":6,"column":24}},"loc":{"start":{"line":6,"column":40},"end":{"line":30,"column":1}},"line":6},"1":{"name":"(anonymous_1)","decl":{"start":{"line":9,"column":12},"end":{"line":9,"column":13}},"loc":{"start":{"line":9,"column":18},"end":{"line":27,"column":3}},"line":9},"2":{"name":"(anonymous_2)","decl":{"start":{"line":12,"column":12},"end":{"line":12,"column":13}},"loc":{"start":{"line":12,"column":26},"end":{"line":23,"column":7}},"line":12},"3":{"name":"(anonymous_3)","decl":{"start":{"line":15,"column":10},"end":{"line":15,"column":11}},"loc":{"start":{"line":15,"column":27},"end":{"line":15,"column":84}},"line":15},"4":{"name":"(anonymous_4)","decl":{"start":{"line":19,"column":10},"end":{"line":19,"column":11}},"loc":{"start":{"line":19,"column":25},"end":{"line":19,"column":43}},"line":19},"5":{"name":"(anonymous_5)","decl":{"start":{"line":24,"column":13},"end":{"line":24,"column":14}},"loc":{"start":{"line":24,"column":24},"end":{"line":26,"column":7}},"line":24}},"branchMap":{},"s":{"0":10,"1":10,"2":5,"3":5,"4":5,"5":25,"6":5,"7":25,"8":5,"9":0,"10":10,"11":1},"f":{"0":10,"1":5,"2":5,"3":25,"4":25,"5":0},"b":{},"_coverageSchema":"1a1c01bbd47fc00a2c39e90264f33305004495a9","hash":"3370225df8f54175512dce799360c84adc07e549"}
,"/Users/patrickalexandre/Desktop/Hack Reactor Main Course/FEC/FEC/client/src/components/reviews/StarRating.jsx": {"path":"/Users/patrickalexandre/Desktop/Hack Reactor Main Course/FEC/FEC/client/src/components/reviews/StarRating.jsx","statementMap":{"0":{"start":{"line":6,"column":20},"end":{"line":6,"column":38}},"1":{"start":{"line":7,"column":20},"end":{"line":7,"column":46}},"2":{"start":{"line":9,"column":2},"end":{"line":27,"column":4}},"3":{"start":{"line":12,"column":8},"end":{"line":14,"column":22}},"4":{"start":{"line":22,"column":8},"end":{"line":24,"column":22}},"5":{"start":{"line":30,"column":0},"end":{"line":33,"column":2}},"6":{"start":{"line":35,"column":0},"end":{"line":37,"column":2}}},"fnMap":{"0":{"name":"StarRating","decl":{"start":{"line":5,"column":9},"end":{"line":5,"column":19}},"loc":{"start":{"line":5,"column":38},"end":{"line":28,"column":1}},"line":5},"1":{"name":"(anonymous_1)","decl":{"start":{"line":11,"column":45},"end":{"line":11,"column":46}},"loc":{"start":{"line":12,"column":8},"end":{"line":14,"column":22}},"line":12},"2":{"name":"(anonymous_2)","decl":{"start":{"line":21,"column":53},"end":{"line":21,"column":54}},"loc":{"start":{"line":22,"column":8},"end":{"line":24,"column":22}},"line":22}},"branchMap":{"0":{"loc":{"start":{"line":16,"column":7},"end":{"line":20,"column":7}},"type":"binary-expr","locations":[{"start":{"line":16,"column":7},"end":{"line":16,"column":20}},{"start":{"line":17,"column":8},"end":{"line":19,"column":22}}],"line":16}},"s":{"0":10,"1":10,"2":10,"3":15,"4":25,"5":1,"6":1},"f":{"0":10,"1":15,"2":25},"b":{"0":[10,10]},"_coverageSchema":"1a1c01bbd47fc00a2c39e90264f33305004495a9","hash":"99eb80037a288470eeadb69e0a9786cffcba228e"}
,"/Users/patrickalexandre/Desktop/Hack Reactor Main Course/FEC/FEC/client/src/components/reviews/styles.js": {"path":"/Users/patrickalexandre/Desktop/Hack Reactor Main Course/FEC/FEC/client/src/components/reviews/styles.js","statementMap":{"0":{"start":{"line":4,"column":26},"end":{"line":4,"column":49}},"1":{"start":{"line":6,"column":29},"end":{"line":18,"column":1}},"2":{"start":{"line":20,"column":30},"end":{"line":31,"column":1}},"3":{"start":{"line":33,"column":31},"end":{"line":38,"column":1}},"4":{"start":{"line":39,"column":27},"end":{"line":45,"column":1}},"5":{"start":{"line":46,"column":32},"end":{"line":66,"column":1}},"6":{"start":{"line":68,"column":30},"end":{"line":76,"column":1}},"7":{"start":{"line":78,"column":29},"end":{"line":85,"column":1}},"8":{"start":{"line":88,"column":26},"end":{"line":94,"column":1}},"9":{"start":{"line":96,"column":19},"end":{"line":116,"column":1}},"10":{"start":{"line":118,"column":27},"end":{"line":121,"column":1}},"11":{"start":{"line":124,"column":29},"end":{"line":133,"column":1}},"12":{"start":{"line":135,"column":28},"end":{"line":137,"column":1}},"13":{"start":{"line":139,"column":30},"end":{"line":148,"column":1}},"14":{"start":{"line":150,"column":28},"end":{"line":153,"column":1}},"15":{"start":{"line":155,"column":30},"end":{"line":157,"column":1}},"16":{"start":{"line":159,"column":31},"end":{"line":161,"column":1}},"17":{"start":{"line":164,"column":28},"end":{"line":175,"column":1}},"18":{"start":{"line":178,"column":28},"end":{"line":190,"column":1}},"19":{"start":{"line":193,"column":27},"end":{"line":201,"column":1}},"20":{"start":{"line":203,"column":26},"end":{"line":207,"column":1}},"21":{"start":{"line":209,"column":24},"end":{"line":213,"column":1}},"22":{"start":{"line":215,"column":19},"end":{"line":220,"column":1}},"23":{"start":{"line":222,"column":25},"end":{"line":226,"column":1}},"24":{"start":{"line":225,"column":22},"end":{"line":225,"column":39}},"25":{"start":{"line":228,"column":23},"end":{"line":233,"column":1}},"26":{"start":{"line":232,"column":28},"end":{"line":232,"column":45}},"27":{"start":{"line":235,"column":27},"end":{"line":255,"column":1}},"28":{"start":{"line":238,"column":26},"end":{"line":238,"column":46}},"29":{"start":{"line":250,"column":24},"end":{"line":250,"column":43}},"30":{"start":{"line":257,"column":30},"end":{"line":261,"column":1}},"31":{"start":{"line":263,"column":27},"end":{"line":268,"column":1}},"32":{"start":{"line":270,"column":31},"end":{"line":292,"column":1}},"33":{"start":{"line":276,"column":34},"end":{"line":276,"column":74}},"34":{"start":{"line":280,"column":30},"end":{"line":280,"column":63}},"35":{"start":{"line":294,"column":30},"end":{"line":299,"column":1}},"36":{"start":{"line":301,"column":32},"end":{"line":306,"column":1}},"37":{"start":{"line":308,"column":37},"end":{"line":318,"column":1}},"38":{"start":{"line":320,"column":26},"end":{"line":328,"column":1}},"39":{"start":{"line":330,"column":29},"end":{"line":338,"column":1}}},"fnMap":{"0":{"name":"(anonymous_0)","decl":{"start":{"line":225,"column":11},"end":{"line":225,"column":12}},"loc":{"start":{"line":225,"column":22},"end":{"line":225,"column":39}},"line":225},"1":{"name":"(anonymous_1)","decl":{"start":{"line":232,"column":17},"end":{"line":232,"column":18}},"loc":{"start":{"line":232,"column":28},"end":{"line":232,"column":45}},"line":232},"2":{"name":"(anonymous_2)","decl":{"start":{"line":238,"column":15},"end":{"line":238,"column":16}},"loc":{"start":{"line":238,"column":26},"end":{"line":238,"column":46}},"line":238},"3":{"name":"(anonymous_3)","decl":{"start":{"line":250,"column":13},"end":{"line":250,"column":14}},"loc":{"start":{"line":250,"column":24},"end":{"line":250,"column":43}},"line":250},"4":{"name":"(anonymous_4)","decl":{"start":{"line":276,"column":22},"end":{"line":276,"column":23}},"loc":{"start":{"line":276,"column":34},"end":{"line":276,"column":74}},"line":276},"5":{"name":"(anonymous_5)","decl":{"start":{"line":280,"column":18},"end":{"line":280,"column":19}},"loc":{"start":{"line":280,"column":30},"end":{"line":280,"column":63}},"line":280}},"branchMap":{"0":{"loc":{"start":{"line":238,"column":26},"end":{"line":238,"column":46}},"type":"binary-expr","locations":[{"start":{"line":238,"column":26},"end":{"line":238,"column":36}},{"start":{"line":238,"column":40},"end":{"line":238,"column":46}}],"line":238},"1":{"loc":{"start":{"line":250,"column":24},"end":{"line":250,"column":43}},"type":"binary-expr","locations":[{"start":{"line":250,"column":24},"end":{"line":250,"column":35}},{"start":{"line":250,"column":39},"end":{"line":250,"column":43}}],"line":250},"2":{"loc":{"start":{"line":276,"column":34},"end":{"line":276,"column":74}},"type":"cond-expr","locations":[{"start":{"line":276,"column":49},"end":{"line":276,"column":58}},{"start":{"line":276,"column":61},"end":{"line":276,"column":74}}],"line":276},"3":{"loc":{"start":{"line":280,"column":30},"end":{"line":280,"column":63}},"type":"cond-expr","locations":[{"start":{"line":280,"column":45},"end":{"line":280,"column":54}},{"start":{"line":280,"column":57},"end":{"line":280,"column":63}}],"line":280}},"s":{"0":1,"1":1,"2":1,"3":1,"4":1,"5":1,"6":1,"7":1,"8":1,"9":1,"10":1,"11":1,"12":1,"13":1,"14":1,"15":1,"16":1,"17":1,"18":1,"19":1,"20":1,"21":1,"22":1,"23":1,"24":0,"25":1,"26":0,"27":1,"28":50,"29":50,"30":1,"31":1,"32":1,"33":0,"34":0,"35":1,"36":1,"37":1,"38":1,"39":1},"f":{"0":0,"1":0,"2":50,"3":50,"4":0,"5":0},"b":{"0":[50,0],"1":[50,40],"2":[0,0],"3":[0,0]},"_coverageSchema":"1a1c01bbd47fc00a2c39e90264f33305004495a9","hash":"711a341211251d2046f24352eed2f12f903b29e6"}
,"/Users/patrickalexandre/Desktop/Hack Reactor Main Course/FEC/FEC/client/src/components/tests/exampleData.js": {"path":"/Users/patrickalexandre/Desktop/Hack Reactor Main Course/FEC/FEC/client/src/components/tests/exampleData.js","statementMap":{"0":{"start":{"line":1,"column":30},"end":{"line":21,"column":1}},"1":{"start":{"line":23,"column":24},"end":{"line":120,"column":1}},"2":{"start":{"line":122,"column":26},"end":{"line":153,"column":1}},"3":{"start":{"line":155,"column":23},"end":{"line":265,"column":1}},"4":{"start":{"line":267,"column":21},"end":{"line":347,"column":1}}},"fnMap":{},"branchMap":{},"s":{"0":1,"1":1,"2":1,"3":1,"4":1},"f":{},"b":{},"_coverageSchema":"1a1c01bbd47fc00a2c39e90264f33305004495a9","hash":"89026ef55da3efefa9b291b52a361e44d6394080"}
}
