TN:
SF:client/src/components/AppContext.jsx
FNF:0
FNH:0
DA:3,1
LF:1
LH:1
BRF:0
BRH:0
end_of_record
TN:
SF:client/src/components/related_products/Lists/ProductList.jsx
FN:8,ProductList
FN:14,(anonymous_1)
FN:22,(anonymous_2)
FN:33,(anonymous_3)
FN:36,(anonymous_4)
FN:39,(anonymous_5)
FNF:6
FNH:3
FNDA:1,ProductList
FNDA:0,(anonymous_1)
FNDA:1,(anonymous_2)
FNDA:0,(anonymous_3)
FNDA:4,(anonymous_4)
FNDA:0,(anonymous_5)
DA:9,1
DA:10,1
DA:11,1
DA:12,1
DA:14,1
DA:15,0
DA:16,0
DA:18,0
DA:22,1
DA:23,1
DA:24,0
DA:26,1
DA:30,1
DA:33,0
DA:36,4
DA:39,0
DA:46,1
LF:17
LH:11
BRDA:15,0,0,0
BRDA:15,0,1,0
BRDA:23,1,0,0
BRDA:23,1,1,1
BRDA:33,2,0,1
BRDA:33,2,1,0
BRDA:39,3,0,1
BRDA:39,3,1,0
BRF:8
BRH:3
end_of_record
TN:
SF:client/src/components/related_products/Lists/styles.jsx
FNF:0
FNH:0
DA:3,1
DA:13,1
DA:20,1
DA:28,1
DA:37,1
DA:46,1
LF:6
LH:6
BRF:0
BRH:0
end_of_record
TN:
SF:client/src/components/related_products/ProductCard/Card.jsx
FN:12,Card
FN:19,(anonymous_1)
FN:23,(anonymous_2)
FN:30,(anonymous_3)
FN:31,(anonymous_4)
FN:35,(anonymous_5)
FN:43,(anonymous_6)
FN:48,(anonymous_7)
FN:53,(anonymous_8)
FNF:9
FNH:5
FNDA:10,Card
FNDA:0,(anonymous_1)
FNDA:5,(anonymous_2)
FNDA:5,(anonymous_3)
FNDA:20,(anonymous_4)
FNDA:0,(anonymous_5)
FNDA:0,(anonymous_6)
FNDA:0,(anonymous_7)
FNDA:1,(anonymous_8)
DA:13,10
DA:14,10
DA:15,10
DA:16,10
DA:17,10
DA:19,10
DA:20,0
DA:23,10
DA:24,5
DA:29,5
DA:31,20
DA:32,5
DA:33,5
DA:36,0
DA:40,10
DA:43,0
DA:48,0
DA:53,1
LF:18
LH:14
BRDA:43,0,0,10
BRDA:43,0,1,10
BRDA:44,1,0,10
BRDA:44,1,1,0
BRDA:45,2,0,10
BRDA:45,2,1,0
BRDA:56,3,0,10
BRDA:56,3,1,0
BRF:8
BRH:5
end_of_record
TN:
SF:client/src/components/related_products/ProductCard/Comparison.jsx
FN:11,Comparison
FN:20,(anonymous_1)
FN:22,(anonymous_2)
FN:24,(anonymous_3)
FN:54,(anonymous_4)
FNF:5
FNH:5
FNDA:1,Comparison
FNDA:4,(anonymous_1)
FNDA:4,(anonymous_2)
FNDA:6,(anonymous_3)
FNDA:3,(anonymous_4)
DA:9,1
DA:12,1
DA:13,1
DA:14,1
DA:16,1
DA:20,4
DA:21,1
DA:22,4
DA:24,1
DA:25,6
DA:26,3
DA:27,6
DA:28,1
DA:31,3
DA:32,3
DA:33,5
DA:34,2
DA:40,1
DA:55,3
LF:19
LH:19
BRDA:25,0,0,3
BRDA:25,0,1,3
BRDA:27,1,0,1
BRDA:27,1,1,5
BRDA:31,2,0,3
BRDA:31,2,1,0
BRDA:33,3,0,2
BRDA:33,3,1,3
BRDA:57,4,0,3
BRDA:57,4,1,0
BRF:10
BRH:8
end_of_record
TN:
SF:client/src/components/related_products/ProductCard/styles.jsx
FNF:0
FNH:0
DA:3,1
DA:16,1
DA:23,1
DA:29,1
DA:34,1
DA:39,1
DA:46,1
DA:53,1
DA:65,1
DA:74,1
DA:83,1
DA:86,1
DA:99,1
DA:102,1
DA:118,1
DA:125,1
DA:131,1
LF:17
LH:17
BRF:0
BRH:0
end_of_record
TN:
SF:client/src/components/reviews/StarByProductId.jsx
FN:6,StarByProductId
FN:9,(anonymous_1)
FN:12,(anonymous_2)
FN:15,(anonymous_3)
FN:19,(anonymous_4)
FN:24,(anonymous_5)
FNF:6
FNH:5
FNDA:10,StarByProductId
FNDA:5,(anonymous_1)
FNDA:5,(anonymous_2)
FNDA:25,(anonymous_3)
FNDA:25,(anonymous_4)
FNDA:0,(anonymous_5)
DA:7,10
DA:9,10
DA:10,5
DA:13,5
DA:14,5
DA:15,25
DA:18,5
DA:19,25
DA:22,5
DA:25,0
DA:29,10
DA:32,1
LF:12
LH:11
BRF:0
BRH:0
end_of_record
TN:
SF:client/src/components/reviews/StarRating.jsx
FN:5,StarRating
FN:11,(anonymous_1)
FN:21,(anonymous_2)
FNF:3
FNH:3
FNDA:10,StarRating
FNDA:15,(anonymous_1)
FNDA:25,(anonymous_2)
DA:6,10
DA:7,10
DA:9,10
DA:12,15
DA:22,25
DA:30,1
DA:35,1
LF:7
LH:7
BRDA:16,0,0,10
BRDA:16,0,1,10
BRF:2
BRH:2
end_of_record
TN:
SF:client/src/components/reviews/styles.js
FN:225,(anonymous_0)
FN:232,(anonymous_1)
FN:238,(anonymous_2)
FN:250,(anonymous_3)
FN:276,(anonymous_4)
FN:280,(anonymous_5)
FNF:6
FNH:2
FNDA:0,(anonymous_0)
FNDA:0,(anonymous_1)
FNDA:50,(anonymous_2)
FNDA:50,(anonymous_3)
FNDA:0,(anonymous_4)
FNDA:0,(anonymous_5)
DA:4,1
DA:6,1
DA:20,1
DA:33,1
DA:39,1
DA:46,1
DA:68,1
DA:78,1
DA:88,1
DA:96,1
DA:118,1
DA:124,1
DA:135,1
DA:139,1
DA:150,1
DA:155,1
DA:159,1
DA:164,1
DA:178,1
DA:193,1
DA:203,1
DA:209,1
DA:215,1
DA:222,1
DA:225,0
DA:228,1
DA:232,0
DA:235,1
DA:238,50
DA:250,50
DA:257,1
DA:263,1
DA:270,1
DA:276,0
DA:280,0
DA:294,1
DA:301,1
DA:308,1
DA:320,1
DA:330,1
LF:40
LH:36
BRDA:238,0,0,50
BRDA:238,0,1,0
BRDA:250,1,0,50
BRDA:250,1,1,40
BRDA:276,2,0,0
BRDA:276,2,1,0
BRDA:280,3,0,0
BRDA:280,3,1,0
BRF:8
BRH:3
end_of_record
TN:
SF:client/src/components/tests/exampleData.js
FNF:0
FNH:0
DA:1,1
DA:23,1
DA:122,1
DA:155,1
DA:267,1
LF:5
LH:5
BRF:0
BRH:0
end_of_record
