TN:
SF:client/src/components/AppContext.jsx
FNF:0
FNH:0
DA:3,4
LF:1
LH:1
BRF:0
BRH:0
end_of_record
TN:
SF:client/src/components/related_products/Lists/ProductList.jsx
FN:8,ProductList
FN:14,(anonymous_1)
FN:22,(anonymous_2)
FN:33,(anonymous_3)
FN:36,(anonymous_4)
FN:39,(anonymous_5)
FNF:6
FNH:3
FNDA:1,ProductList
FNDA:0,(anonymous_1)
FNDA:1,(anonymous_2)
FNDA:0,(anonymous_3)
FNDA:4,(anonymous_4)
FNDA:0,(anonymous_5)
DA:9,1
DA:10,1
DA:11,1
DA:12,1
DA:14,1
DA:15,0
DA:16,0
DA:18,0
DA:22,1
DA:23,1
DA:24,0
DA:26,1
DA:30,1
DA:33,0
DA:36,4
DA:39,0
DA:46,1
LF:17
LH:11
BRDA:15,0,0,0
BRDA:15,0,1,0
BRDA:23,1,0,0
BRDA:23,1,1,1
BRDA:33,2,0,1
BRDA:33,2,1,0
BRDA:39,3,0,1
BRDA:39,3,1,0
BRF:8
BRH:3
end_of_record
TN:
SF:client/src/components/related_products/Lists/styles.jsx
FNF:0
FNH:0
DA:3,1
DA:13,1
DA:20,1
DA:28,1
DA:37,1
DA:46,1
LF:6
LH:6
BRF:0
BRH:0
end_of_record
TN:
SF:client/src/components/related_products/ProductCard/Card.jsx
FN:12,Card
FN:19,(anonymous_1)
FN:23,(anonymous_2)
FN:30,(anonymous_3)
FN:31,(anonymous_4)
FN:35,(anonymous_5)
FN:43,(anonymous_6)
FN:48,(anonymous_7)
FN:53,(anonymous_8)
FNF:9
FNH:5
FNDA:10,Card
FNDA:0,(anonymous_1)
FNDA:5,(anonymous_2)
FNDA:5,(anonymous_3)
FNDA:20,(anonymous_4)
FNDA:0,(anonymous_5)
FNDA:0,(anonymous_6)
FNDA:0,(anonymous_7)
FNDA:1,(anonymous_8)
DA:13,10
DA:14,10
DA:15,10
DA:16,10
DA:17,10
DA:19,10
DA:20,0
DA:23,10
DA:24,5
DA:29,5
DA:31,20
DA:32,5
DA:33,5
DA:36,0
DA:40,10
DA:43,0
DA:48,0
DA:53,1
LF:18
LH:14
BRDA:43,0,0,10
BRDA:43,0,1,10
BRDA:44,1,0,10
BRDA:44,1,1,0
BRDA:45,2,0,10
BRDA:45,2,1,0
BRDA:56,3,0,10
BRDA:56,3,1,0
BRF:8
BRH:5
end_of_record
TN:
SF:client/src/components/related_products/ProductCard/Comparison.jsx
FN:11,Comparison
FN:20,(anonymous_1)
FN:22,(anonymous_2)
FN:24,(anonymous_3)
FN:54,(anonymous_4)
FNF:5
FNH:5
FNDA:1,Comparison
FNDA:4,(anonymous_1)
FNDA:4,(anonymous_2)
FNDA:6,(anonymous_3)
FNDA:3,(anonymous_4)
DA:9,1
DA:12,1
DA:13,1
DA:14,1
DA:16,1
DA:20,4
DA:21,1
DA:22,4
DA:24,1
DA:25,6
DA:26,3
DA:27,6
DA:28,1
DA:31,3
DA:32,3
DA:33,5
DA:34,2
DA:40,1
DA:55,3
LF:19
LH:19
BRDA:25,0,0,3
BRDA:25,0,1,3
BRDA:27,1,0,1
BRDA:27,1,1,5
BRDA:31,2,0,3
BRDA:31,2,1,0
BRDA:33,3,0,2
BRDA:33,3,1,3
BRDA:57,4,0,3
BRDA:57,4,1,0
BRF:10
BRH:8
end_of_record
TN:
SF:client/src/components/related_products/ProductCard/styles.jsx
FNF:0
FNH:0
DA:3,1
DA:16,1
DA:23,1
DA:29,1
DA:34,1
DA:39,1
DA:46,1
DA:53,1
DA:65,1
DA:74,1
DA:83,1
DA:86,1
DA:99,1
DA:102,1
DA:118,1
DA:125,1
DA:131,1
LF:17
LH:17
BRF:0
BRH:0
end_of_record
TN:
SF:client/src/components/reviews/Dropdown.jsx
FN:3,Dropdown
FN:5,(anonymous_1)
FNF:2
FNH:2
FNDA:3,Dropdown
FNDA:2,(anonymous_1)
DA:4,3
DA:5,2
LF:2
LH:2
BRF:0
BRH:0
end_of_record
TN:
SF:client/src/components/reviews/Loading.jsx
FN:13,Loading
FNF:1
FNH:1
FNDA:1,Loading
DA:4,1
DA:14,1
LF:2
LH:2
BRF:0
BRH:0
end_of_record
TN:
SF:client/src/components/reviews/RadioButton.jsx
FN:39,CustomRadioButton
FN:45,(anonymous_1)
FN:49,(anonymous_2)
FNF:3
FNH:3
FNDA:9,CustomRadioButton
FNDA:39,(anonymous_1)
FNDA:1,(anonymous_2)
DA:12,3
DA:41,9
DA:46,39
DA:49,1
DA:63,3
LF:5
LH:5
BRDA:48,0,0,2
BRDA:48,0,1,37
BRF:2
BRH:2
end_of_record
TN:
SF:client/src/components/reviews/RatingSummary.jsx
FN:15,RatingSummary
FN:22,(anonymous_1)
FN:24,(anonymous_2)
FN:29,(anonymous_3)
FN:38,(anonymous_4)
FN:53,(anonymous_5)
FN:66,(anonymous_6)
FNF:7
FNH:7
FNDA:2,RatingSummary
FNDA:2,(anonymous_1)
FNDA:10,(anonymous_2)
FNDA:10,(anonymous_3)
FNDA:8,(anonymous_4)
FNDA:10,(anonymous_5)
FNDA:8,(anonymous_6)
DA:16,2
DA:18,2
DA:19,0
DA:22,2
DA:23,2
DA:24,10
DA:28,2
DA:29,10
DA:34,2
DA:35,2
DA:38,8
DA:40,2
DA:46,2
DA:54,10
DA:67,8
DA:83,2
DA:96,2
LF:17
LH:16
BRDA:18,0,0,0
BRDA:18,0,1,2
BRDA:18,1,0,2
BRDA:18,1,1,2
BRF:4
BRH:3
end_of_record
TN:
SF:client/src/components/reviews/ReviewCard.jsx
FN:16,ReviewCard
FN:20,(anonymous_1)
FN:24,(anonymous_2)
FN:26,(anonymous_3)
FN:28,(anonymous_4)
FN:34,(anonymous_5)
FN:37,(anonymous_6)
FN:39,(anonymous_7)
FN:67,(anonymous_8)
FNF:9
FNH:7
FNDA:6,ReviewCard
FNDA:1,(anonymous_1)
FNDA:1,(anonymous_2)
FNDA:1,(anonymous_3)
FNDA:0,(anonymous_4)
FNDA:1,(anonymous_5)
FNDA:1,(anonymous_6)
FNDA:0,(anonymous_7)
FNDA:11,(anonymous_8)
DA:17,6
DA:18,6
DA:20,6
DA:21,1
DA:22,1
DA:25,1
DA:26,1
DA:29,0
DA:34,6
DA:35,1
DA:40,0
DA:44,6
DA:68,11
DA:92,2
LF:14
LH:12
BRDA:21,0,0,1
BRDA:21,0,1,0
BRDA:51,1,0,6
BRDA:51,1,1,4
BRDA:59,2,0,6
BRDA:59,2,1,6
BRDA:65,3,0,6
BRDA:65,3,1,6
BRF:8
BRH:7
end_of_record
TN:
SF:client/src/components/reviews/ReviewMain.jsx
FN:15,ReviewMain
FN:21,convertToNumbers
FN:23,(anonymous_2)
FN:32,(anonymous_3)
FN:46,(anonymous_4)
FN:49,(anonymous_5)
FN:50,(anonymous_6)
FN:56,(anonymous_7)
FN:60,(anonymous_8)
FN:65,(anonymous_9)
FN:66,(anonymous_10)
FN:69,(anonymous_11)
FN:75,(anonymous_12)
FN:80,(anonymous_13)
FN:110,(anonymous_14)
FNF:15
FNH:8
FNDA:2,ReviewMain
FNDA:1,convertToNumbers
FNDA:5,(anonymous_2)
FNDA:4,(anonymous_3)
FNDA:1,(anonymous_4)
FNDA:1,(anonymous_5)
FNDA:0,(anonymous_6)
FNDA:1,(anonymous_7)
FNDA:0,(anonymous_8)
FNDA:0,(anonymous_9)
FNDA:0,(anonymous_10)
FNDA:0,(anonymous_11)
FNDA:0,(anonymous_12)
FNDA:0,(anonymous_13)
FNDA:2,(anonymous_14)
DA:16,2
DA:17,2
DA:18,2
DA:19,2
DA:22,1
DA:23,5
DA:26,1
DA:31,1
DA:32,4
DA:38,1
DA:46,2
DA:47,1
DA:49,1
DA:51,0
DA:54,1
DA:57,1
DA:58,1
DA:61,0
DA:65,2
DA:66,0
DA:69,2
DA:72,0
DA:74,0
DA:75,0
DA:77,0
DA:79,0
DA:80,0
DA:82,0
DA:84,0
DA:87,0
DA:90,2
DA:111,2
LF:32
LH:20
BRDA:72,0,0,0
BRDA:72,0,1,0
BRDA:72,0,2,0
BRDA:92,1,0,1
BRDA:92,1,1,1
BRDA:92,2,0,2
BRDA:92,2,1,1
BRDA:92,2,2,1
BRDA:113,3,0,1
BRDA:113,3,1,1
BRF:10
BRH:7
end_of_record
TN:
SF:client/src/components/reviews/StarByProductId.jsx
FN:6,StarByProductId
FN:9,(anonymous_1)
FN:12,(anonymous_2)
FN:15,(anonymous_3)
FN:19,(anonymous_4)
FN:24,(anonymous_5)
FNF:6
FNH:5
FNDA:10,StarByProductId
FNDA:5,(anonymous_1)
FNDA:5,(anonymous_2)
FNDA:25,(anonymous_3)
FNDA:25,(anonymous_4)
FNDA:0,(anonymous_5)
DA:7,10
DA:9,10
DA:10,5
DA:13,5
DA:14,5
DA:15,25
DA:18,5
DA:19,25
DA:22,5
DA:25,0
DA:29,10
DA:32,1
LF:12
LH:11
BRF:0
BRH:0
end_of_record
TN:
SF:client/src/components/reviews/StarRating.jsx
FN:5,StarRating
FN:11,(anonymous_1)
FN:21,(anonymous_2)
FNF:3
FNH:3
FNDA:18,StarRating
FNDA:42,(anonymous_1)
FNDA:30,(anonymous_2)
DA:6,18
DA:7,18
DA:9,18
DA:12,42
DA:22,30
DA:30,4
DA:35,4
LF:7
LH:7
BRDA:16,0,0,18
BRDA:16,0,1,18
BRF:2
BRH:2
end_of_record
TN:
SF:client/src/components/reviews/StarRatingInput.jsx
FN:5,StarRatingInput
FN:9,(anonymous_1)
FN:16,(anonymous_2)
FN:21,(anonymous_3)
FN:22,(anonymous_4)
FN:23,(anonymous_5)
FNF:6
FNH:2
FNDA:7,StarRatingInput
FNDA:0,(anonymous_1)
FNDA:35,(anonymous_2)
FNDA:0,(anonymous_3)
FNDA:0,(anonymous_4)
FNDA:0,(anonymous_5)
DA:6,7
DA:7,7
DA:9,7
DA:10,0
DA:11,0
DA:14,7
DA:17,35
DA:21,0
DA:22,0
DA:23,0
DA:32,2
DA:37,2
LF:12
LH:7
BRDA:20,0,0,0
BRDA:20,0,1,35
BRDA:20,1,0,35
BRDA:20,1,1,35
BRDA:25,2,0,0
BRDA:25,2,1,35
BRDA:25,3,0,35
BRDA:25,3,1,35
BRF:8
BRH:6
end_of_record
TN:
SF:client/src/components/reviews/Thumbnail.jsx
FN:5,Thumbnail
FN:13,(anonymous_1)
FN:16,(anonymous_2)
FNF:3
FNH:1
FNDA:11,Thumbnail
FNDA:0,(anonymous_1)
FNDA:0,(anonymous_2)
DA:6,11
DA:8,11
DA:13,0
DA:16,0
DA:23,2
LF:5
LH:3
BRDA:15,0,0,11
BRDA:15,0,1,0
BRF:2
BRH:1
end_of_record
TN:
SF:client/src/components/reviews/WriteReview.jsx
FN:16,FormEntry
FN:22,(anonymous_1)
FN:39,WriteReview
FN:51,(anonymous_3)
FN:55,(anonymous_4)
FN:59,(anonymous_5)
FN:75,(anonymous_6)
FN:78,(anonymous_7)
FN:94,(anonymous_8)
FN:104,(anonymous_9)
FN:114,(anonymous_10)
FN:138,(anonymous_11)
FN:147,(anonymous_12)
FN:149,(anonymous_13)
FN:154,(anonymous_14)
FN:160,(anonymous_15)
FN:161,(anonymous_16)
FNF:17
FNH:10
FNDA:21,FormEntry
FNDA:3,(anonymous_1)
FNDA:13,WriteReview
FNDA:2,(anonymous_3)
FNDA:2,(anonymous_4)
FNDA:1,(anonymous_5)
FNDA:1,(anonymous_6)
FNDA:0,(anonymous_7)
FNDA:0,(anonymous_8)
FNDA:1,(anonymous_9)
FNDA:0,(anonymous_10)
FNDA:1,(anonymous_11)
FNDA:0,(anonymous_12)
FNDA:0,(anonymous_13)
FNDA:7,(anonymous_14)
FNDA:0,(anonymous_15)
FNDA:0,(anonymous_16)
DA:17,21
DA:22,3
DA:29,2
DA:35,2
DA:40,13
DA:41,13
DA:42,13
DA:43,13
DA:44,13
DA:45,13
DA:46,13
DA:47,13
DA:48,13
DA:49,13
DA:51,13
DA:52,2
DA:55,13
DA:56,2
DA:59,13
DA:60,1
DA:62,1
DA:73,1
DA:76,1
DA:79,0
DA:83,13
DA:94,0
DA:104,1
DA:114,0
DA:138,1
DA:148,0
DA:149,0
DA:150,0
DA:155,7
DA:161,0
DA:176,2
LF:35
LH:28
BRDA:23,0,0,21
BRDA:23,0,1,0
BRDA:87,1,0,13
BRDA:87,1,1,7
BRDA:154,2,0,7
BRDA:154,2,1,7
BRDA:159,3,0,7
BRDA:159,3,1,7
BRF:8
BRH:7
end_of_record
TN:
SF:client/src/components/reviews/styles.js
FN:226,(anonymous_0)
FN:233,(anonymous_1)
FN:239,(anonymous_2)
FN:251,(anonymous_3)
FN:277,(anonymous_4)
FN:281,(anonymous_5)
FNF:6
FNH:6
FNDA:10,(anonymous_0)
FNDA:8,(anonymous_1)
FNDA:125,(anonymous_2)
FNDA:125,(anonymous_3)
FNDA:39,(anonymous_4)
FNDA:39,(anonymous_5)
DA:4,6
DA:6,6
DA:21,6
DA:34,6
DA:40,6
DA:47,6
DA:69,6
DA:79,6
DA:89,6
DA:97,6
DA:119,6
DA:125,6
DA:136,6
DA:140,6
DA:151,6
DA:156,6
DA:160,6
DA:165,6
DA:179,6
DA:194,6
DA:204,6
DA:210,6
DA:216,6
DA:223,6
DA:226,10
DA:229,6
DA:233,8
DA:236,6
DA:239,125
DA:251,125
DA:258,6
DA:264,6
DA:271,6
DA:277,39
DA:281,39
DA:295,6
DA:302,6
DA:309,6
DA:321,6
DA:331,6
LF:40
LH:40
BRDA:239,0,0,125
BRDA:239,0,1,0
BRDA:251,1,0,125
BRDA:251,1,1,107
BRDA:277,2,0,2
BRDA:277,2,1,37
BRDA:281,3,0,2
BRDA:281,3,1,37
BRF:8
BRH:7
end_of_record
TN:
SF:client/src/components/tests/exampleData.js
FNF:0
FNH:0
DA:1,1
DA:23,1
DA:122,1
DA:155,1
DA:267,1
LF:5
LH:5
BRF:0
BRH:0
end_of_record
